[0.559s] Invoking command in '/home/ubuntu-gigi/ses4r_ws/src/lab01_pkg': PYTHONPATH=/home/ubuntu-gigi/ses4r_ws/build/lab01_pkg/prefix_override:/usr/lib/python3/dist-packages/colcon_core/task/python/colcon_distutils_commands:/home/ubuntu-gigi/ses4r_ws/install/lab01_pkg/lib/python3.10/site-packages:${PYTHONPATH} /usr/bin/python3 -W ignore:setup.py install is deprecated -W ignore:easy_install command is deprecated setup.py egg_info --egg-base ../../build/lab01_pkg build --build-base /home/ubuntu-gigi/ses4r_ws/build/lab01_pkg/build install --record /home/ubuntu-gigi/ses4r_ws/build/lab01_pkg/install.log --single-version-externally-managed install_data
[0.780s] running egg_info
[0.781s] writing ../../build/lab01_pkg/lab01_pkg.egg-info/PKG-INFO
[0.781s] writing dependency_links to ../../build/lab01_pkg/lab01_pkg.egg-info/dependency_links.txt
[0.781s] writing entry points to ../../build/lab01_pkg/lab01_pkg.egg-info/entry_points.txt
[0.782s] writing requirements to ../../build/lab01_pkg/lab01_pkg.egg-info/requires.txt
[0.782s] writing top-level names to ../../build/lab01_pkg/lab01_pkg.egg-info/top_level.txt
[0.784s] reading manifest file '../../build/lab01_pkg/lab01_pkg.egg-info/SOURCES.txt'
[0.784s] adding license file 'LICENSE'
[0.785s] writing manifest file '../../build/lab01_pkg/lab01_pkg.egg-info/SOURCES.txt'
[0.785s] running build
[0.786s] running build_py
[0.786s] copying lab01_pkg/controller_reset.py -> /home/ubuntu-gigi/ses4r_ws/build/lab01_pkg/build/lib/lab01_pkg
[0.787s] running install
[0.787s] running install_lib
[0.788s] copying /home/ubuntu-gigi/ses4r_ws/build/lab01_pkg/build/lib/lab01_pkg/controller_reset.py -> /home/ubuntu-gigi/ses4r_ws/install/lab01_pkg/lib/python3.10/site-packages/lab01_pkg
[0.789s] byte-compiling /home/ubuntu-gigi/ses4r_ws/install/lab01_pkg/lib/python3.10/site-packages/lab01_pkg/controller_reset.py to controller_reset.cpython-310.pyc
[0.790s] running install_data
[0.790s] running install_egg_info
[0.793s] removing '/home/ubuntu-gigi/ses4r_ws/install/lab01_pkg/lib/python3.10/site-packages/lab01_pkg-0.0.0-py3.10.egg-info' (and everything under it)
[0.794s] Copying ../../build/lab01_pkg/lab01_pkg.egg-info to /home/ubuntu-gigi/ses4r_ws/install/lab01_pkg/lib/python3.10/site-packages/lab01_pkg-0.0.0-py3.10.egg-info
[0.795s] running install_scripts
[0.814s] Installing controller script to /home/ubuntu-gigi/ses4r_ws/install/lab01_pkg/lib/lab01_pkg
[0.814s] Installing controller_reset script to /home/ubuntu-gigi/ses4r_ws/install/lab01_pkg/lib/lab01_pkg
[0.814s] Installing localization script to /home/ubuntu-gigi/ses4r_ws/install/lab01_pkg/lib/lab01_pkg
[0.814s] Installing localization_reset script to /home/ubuntu-gigi/ses4r_ws/install/lab01_pkg/lib/lab01_pkg
[0.814s] Installing reset_node script to /home/ubuntu-gigi/ses4r_ws/install/lab01_pkg/lib/lab01_pkg
[0.815s] writing list of installed files to '/home/ubuntu-gigi/ses4r_ws/build/lab01_pkg/install.log'
[0.842s] Invoked command in '/home/ubuntu-gigi/ses4r_ws/src/lab01_pkg' returned '0': PYTHONPATH=/home/ubuntu-gigi/ses4r_ws/build/lab01_pkg/prefix_override:/usr/lib/python3/dist-packages/colcon_core/task/python/colcon_distutils_commands:/home/ubuntu-gigi/ses4r_ws/install/lab01_pkg/lib/python3.10/site-packages:${PYTHONPATH} /usr/bin/python3 -W ignore:setup.py install is deprecated -W ignore:easy_install command is deprecated setup.py egg_info --egg-base ../../build/lab01_pkg build --build-base /home/ubuntu-gigi/ses4r_ws/build/lab01_pkg/build install --record /home/ubuntu-gigi/ses4r_ws/build/lab01_pkg/install.log --single-version-externally-managed install_data
