[0.015s] Invoking command in '/home/ubuntu-gigi/ses4r_ws/build/turtlebot3_fake_node': CMAKE_PREFIX_PATH=/home/ubuntu-gigi/ses4r_ws/install/lab01_pkg:/opt/ros/humble /usr/bin/cmake /home/ubuntu-gigi/ses4r_ws/src/turtlebot3_simulations/turtlebot3_fake_node -DAMENT_CMAKE_SYMLINK_INSTALL=1 -DCMAKE_INSTALL_PREFIX=/home/ubuntu-gigi/ses4r_ws/install/turtlebot3_fake_node
[0.267s] -- The C compiler identification is GNU 11.4.0
[0.268s] -- The CXX compiler identification is GNU 11.4.0
[0.268s] -- Detecting C compiler ABI info
[0.268s] -- Detecting C compiler ABI info - done
[0.268s] -- Check for working C compiler: /usr/bin/cc - skipped
[0.268s] -- Detecting C compile features
[0.268s] -- Detecting C compile features - done
[0.268s] -- Detecting CXX compiler ABI info
[0.297s] -- Detecting CXX compiler ABI info - done
[0.305s] -- Check for working CXX compiler: /usr/bin/c++ - skipped
[0.305s] -- Detecting CXX compile features
[0.306s] -- Detecting CXX compile features - done
[0.308s] -- Found ament_cmake: 1.3.12 (/opt/ros/humble/share/ament_cmake/cmake)
[0.460s] -- Found Python3: /usr/bin/python3 (found version "3.10.12") found components: Interpreter 
[0.520s] -- Override CMake install command with custom implementation using symlinks instead of copying resources
[0.550s] -- Found geometry_msgs: 4.9.0 (/opt/ros/humble/share/geometry_msgs/cmake)
[0.583s] -- Found rosidl_generator_c: 3.1.7 (/opt/ros/humble/share/rosidl_generator_c/cmake)
[0.588s] -- Found rosidl_adapter: 3.1.7 (/opt/ros/humble/share/rosidl_adapter/cmake)
[0.596s] -- Found rosidl_generator_cpp: 3.1.7 (/opt/ros/humble/share/rosidl_generator_cpp/cmake)
[0.608s] -- Using all available rosidl_typesupport_c: rosidl_typesupport_fastrtps_c;rosidl_typesupport_introspection_c
[0.624s] -- Using all available rosidl_typesupport_cpp: rosidl_typesupport_fastrtps_cpp;rosidl_typesupport_introspection_cpp
[0.669s] -- Found nav_msgs: 4.9.0 (/opt/ros/humble/share/nav_msgs/cmake)
[0.686s] -- Found rclcpp: 16.0.15 (/opt/ros/humble/share/rclcpp/cmake)
[0.722s] -- Found rmw_implementation_cmake: 6.1.2 (/opt/ros/humble/share/rmw_implementation_cmake/cmake)
[0.724s] -- Found rmw_fastrtps_cpp: 6.2.8 (/opt/ros/humble/share/rmw_fastrtps_cpp/cmake)
[0.798s] -- Found OpenSSL: /usr/lib/x86_64-linux-gnu/libcrypto.so (found version "3.0.2")  
[0.823s] -- Found FastRTPS: /opt/ros/humble/include  
[0.861s] -- Using RMW implementation 'rmw_fastrtps_cpp' as default
[0.868s] -- Looking for pthread.h
[0.941s] -- Looking for pthread.h - found
[0.941s] -- Performing Test CMAKE_HAVE_LIBC_PTHREAD
[1.012s] -- Performing Test CMAKE_HAVE_LIBC_PTHREAD - Success
[1.013s] -- Found Threads: TRUE  
[1.060s] -- Found sensor_msgs: 4.9.0 (/opt/ros/humble/share/sensor_msgs/cmake)
[1.078s] -- Found tf2: 0.25.16 (/opt/ros/humble/share/tf2/cmake)
[1.088s] -- Found tf2_msgs: 0.25.16 (/opt/ros/humble/share/tf2_msgs/cmake)
[1.138s] -- Found turtlebot3_msgs: 2.4.0 (/opt/ros/humble/share/turtlebot3_msgs/cmake)
[1.228s] -- Configuring done
[1.241s] -- Generating done
[1.246s] -- Build files have been written to: /home/ubuntu-gigi/ses4r_ws/build/turtlebot3_fake_node
[1.259s] Invoked command in '/home/ubuntu-gigi/ses4r_ws/build/turtlebot3_fake_node' returned '0': CMAKE_PREFIX_PATH=/home/ubuntu-gigi/ses4r_ws/install/lab01_pkg:/opt/ros/humble /usr/bin/cmake /home/ubuntu-gigi/ses4r_ws/src/turtlebot3_simulations/turtlebot3_fake_node -DAMENT_CMAKE_SYMLINK_INSTALL=1 -DCMAKE_INSTALL_PREFIX=/home/ubuntu-gigi/ses4r_ws/install/turtlebot3_fake_node
[1.262s] Invoking command in '/home/ubuntu-gigi/ses4r_ws/build/turtlebot3_fake_node': CMAKE_PREFIX_PATH=/home/ubuntu-gigi/ses4r_ws/install/lab01_pkg:/opt/ros/humble /usr/bin/cmake --build /home/ubuntu-gigi/ses4r_ws/build/turtlebot3_fake_node -- -j8 -l8
[1.308s] [ 50%] [32mBuilding CXX object CMakeFiles/turtlebot3_fake_node.dir/src/turtlebot3_fake_node.cpp.o[0m
[11.868s] [100%] [32m[1mLinking CXX executable turtlebot3_fake_node[0m
[12.516s] [100%] Built target turtlebot3_fake_node
[12.527s] Invoked command in '/home/ubuntu-gigi/ses4r_ws/build/turtlebot3_fake_node' returned '0': CMAKE_PREFIX_PATH=/home/ubuntu-gigi/ses4r_ws/install/lab01_pkg:/opt/ros/humble /usr/bin/cmake --build /home/ubuntu-gigi/ses4r_ws/build/turtlebot3_fake_node -- -j8 -l8
[12.538s] Invoking command in '/home/ubuntu-gigi/ses4r_ws/build/turtlebot3_fake_node': CMAKE_PREFIX_PATH=/home/ubuntu-gigi/ses4r_ws/install/lab01_pkg:/opt/ros/humble /usr/bin/cmake --install /home/ubuntu-gigi/ses4r_ws/build/turtlebot3_fake_node
[12.545s] -- Install configuration: ""
[12.546s] -- Execute custom install script
[12.546s] -- Symlinking: /home/ubuntu-gigi/ses4r_ws/install/turtlebot3_fake_node/lib/turtlebot3_fake_node/turtlebot3_fake_node
[12.556s] -- Symlinking: /home/ubuntu-gigi/ses4r_ws/install/turtlebot3_fake_node/share/turtlebot3_fake_node/launch/rviz2.launch.py
[12.565s] -- Symlinking: /home/ubuntu-gigi/ses4r_ws/install/turtlebot3_fake_node/share/turtlebot3_fake_node/launch/turtlebot3_fake_node.launch.py
[12.575s] -- Symlinking: /home/ubuntu-gigi/ses4r_ws/install/turtlebot3_fake_node/share/turtlebot3_fake_node/param/burger.yaml
[12.585s] -- Symlinking: /home/ubuntu-gigi/ses4r_ws/install/turtlebot3_fake_node/share/turtlebot3_fake_node/param/waffle.yaml
[12.594s] -- Symlinking: /home/ubuntu-gigi/ses4r_ws/install/turtlebot3_fake_node/share/turtlebot3_fake_node/param/waffle_pi.yaml
[12.604s] -- Symlinking: /home/ubuntu-gigi/ses4r_ws/install/turtlebot3_fake_node/include//turtlebot3_fake_node/turtlebot3_fake_node.hpp
[12.614s] -- Symlinking: /home/ubuntu-gigi/ses4r_ws/install/turtlebot3_fake_node/share/ament_index/resource_index/package_run_dependencies/turtlebot3_fake_node
[12.622s] -- Symlinking: /home/ubuntu-gigi/ses4r_ws/install/turtlebot3_fake_node/share/ament_index/resource_index/parent_prefix_path/turtlebot3_fake_node
[12.631s] -- Symlinking: /home/ubuntu-gigi/ses4r_ws/install/turtlebot3_fake_node/share/turtlebot3_fake_node/environment/ament_prefix_path.sh
[12.639s] -- Symlinking: /home/ubuntu-gigi/ses4r_ws/install/turtlebot3_fake_node/share/turtlebot3_fake_node/environment/ament_prefix_path.dsv
[12.648s] -- Symlinking: /home/ubuntu-gigi/ses4r_ws/install/turtlebot3_fake_node/share/turtlebot3_fake_node/environment/path.sh
[12.657s] -- Symlinking: /home/ubuntu-gigi/ses4r_ws/install/turtlebot3_fake_node/share/turtlebot3_fake_node/environment/path.dsv
[12.665s] -- Symlinking: /home/ubuntu-gigi/ses4r_ws/install/turtlebot3_fake_node/share/turtlebot3_fake_node/local_setup.bash
[12.674s] -- Symlinking: /home/ubuntu-gigi/ses4r_ws/install/turtlebot3_fake_node/share/turtlebot3_fake_node/local_setup.sh
[12.686s] -- Symlinking: /home/ubuntu-gigi/ses4r_ws/install/turtlebot3_fake_node/share/turtlebot3_fake_node/local_setup.zsh
[12.696s] -- Symlinking: /home/ubuntu-gigi/ses4r_ws/install/turtlebot3_fake_node/share/turtlebot3_fake_node/local_setup.dsv
[12.707s] -- Symlinking: /home/ubuntu-gigi/ses4r_ws/install/turtlebot3_fake_node/share/turtlebot3_fake_node/package.dsv
[12.715s] -- Symlinking: /home/ubuntu-gigi/ses4r_ws/install/turtlebot3_fake_node/share/ament_index/resource_index/packages/turtlebot3_fake_node
[12.724s] -- Symlinking: /home/ubuntu-gigi/ses4r_ws/install/turtlebot3_fake_node/share/turtlebot3_fake_node/cmake/ament_cmake_export_include_directories-extras.cmake
[12.735s] -- Symlinking: /home/ubuntu-gigi/ses4r_ws/install/turtlebot3_fake_node/share/turtlebot3_fake_node/cmake/ament_cmake_export_dependencies-extras.cmake
[12.747s] -- Symlinking: /home/ubuntu-gigi/ses4r_ws/install/turtlebot3_fake_node/share/turtlebot3_fake_node/cmake/turtlebot3_fake_nodeConfig.cmake
[12.756s] -- Symlinking: /home/ubuntu-gigi/ses4r_ws/install/turtlebot3_fake_node/share/turtlebot3_fake_node/cmake/turtlebot3_fake_nodeConfig-version.cmake
[12.765s] -- Symlinking: /home/ubuntu-gigi/ses4r_ws/install/turtlebot3_fake_node/share/turtlebot3_fake_node/package.xml
[12.777s] Invoked command in '/home/ubuntu-gigi/ses4r_ws/build/turtlebot3_fake_node' returned '0': CMAKE_PREFIX_PATH=/home/ubuntu-gigi/ses4r_ws/install/lab01_pkg:/opt/ros/humble /usr/bin/cmake --install /home/ubuntu-gigi/ses4r_ws/build/turtlebot3_fake_node
