[0.016s] Invoking command in '/home/ubuntu-gigi/ses4r_ws/build/turtlebot3_fake_node': CMAKE_PREFIX_PATH=/home/ubuntu-gigi/ses4r_ws/install/lab01_pkg:/opt/ros/humble /usr/bin/cmake --build /home/ubuntu-gigi/ses4r_ws/build/turtlebot3_fake_node -- -j8 -l8
[0.258s] [35m[1mConsolidate compiler generated dependencies of target turtlebot3_fake_node[0m
[0.259s] [100%] Built target turtlebot3_fake_node
[0.262s] Invoked command in '/home/ubuntu-gigi/ses4r_ws/build/turtlebot3_fake_node' returned '0': CMAKE_PREFIX_PATH=/home/ubuntu-gigi/ses4r_ws/install/lab01_pkg:/opt/ros/humble /usr/bin/cmake --build /home/ubuntu-gigi/ses4r_ws/build/turtlebot3_fake_node -- -j8 -l8
[0.269s] Invoking command in '/home/ubuntu-gigi/ses4r_ws/build/turtlebot3_fake_node': CMAKE_PREFIX_PATH=/home/ubuntu-gigi/ses4r_ws/install/lab01_pkg:/opt/ros/humble /usr/bin/cmake --install /home/ubuntu-gigi/ses4r_ws/build/turtlebot3_fake_node
[0.276s] -- Install configuration: ""
[0.276s] -- Execute custom install script
[0.277s] -- Up-to-date symlink: /home/ubuntu-gigi/ses4r_ws/install/turtlebot3_fake_node/lib/turtlebot3_fake_node/turtlebot3_fake_node
[0.277s] -- Up-to-date symlink: /home/ubuntu-gigi/ses4r_ws/install/turtlebot3_fake_node/share/turtlebot3_fake_node/launch/rviz2.launch.py
[0.277s] -- Up-to-date symlink: /home/ubuntu-gigi/ses4r_ws/install/turtlebot3_fake_node/share/turtlebot3_fake_node/launch/turtlebot3_fake_node.launch.py
[0.278s] -- Up-to-date symlink: /home/ubuntu-gigi/ses4r_ws/install/turtlebot3_fake_node/share/turtlebot3_fake_node/param/burger.yaml
[0.278s] -- Up-to-date symlink: /home/ubuntu-gigi/ses4r_ws/install/turtlebot3_fake_node/share/turtlebot3_fake_node/param/waffle.yaml
[0.278s] -- Up-to-date symlink: /home/ubuntu-gigi/ses4r_ws/install/turtlebot3_fake_node/share/turtlebot3_fake_node/param/waffle_pi.yaml
[0.278s] -- Up-to-date symlink: /home/ubuntu-gigi/ses4r_ws/install/turtlebot3_fake_node/include//turtlebot3_fake_node/turtlebot3_fake_node.hpp
[0.278s] -- Up-to-date symlink: /home/ubuntu-gigi/ses4r_ws/install/turtlebot3_fake_node/share/ament_index/resource_index/package_run_dependencies/turtlebot3_fake_node
[0.279s] -- Up-to-date symlink: /home/ubuntu-gigi/ses4r_ws/install/turtlebot3_fake_node/share/ament_index/resource_index/parent_prefix_path/turtlebot3_fake_node
[0.279s] -- Up-to-date symlink: /home/ubuntu-gigi/ses4r_ws/install/turtlebot3_fake_node/share/turtlebot3_fake_node/environment/ament_prefix_path.sh
[0.279s] -- Up-to-date symlink: /home/ubuntu-gigi/ses4r_ws/install/turtlebot3_fake_node/share/turtlebot3_fake_node/environment/ament_prefix_path.dsv
[0.279s] -- Up-to-date symlink: /home/ubuntu-gigi/ses4r_ws/install/turtlebot3_fake_node/share/turtlebot3_fake_node/environment/path.sh
[0.280s] -- Up-to-date symlink: /home/ubuntu-gigi/ses4r_ws/install/turtlebot3_fake_node/share/turtlebot3_fake_node/environment/path.dsv
[0.280s] -- Up-to-date symlink: /home/ubuntu-gigi/ses4r_ws/install/turtlebot3_fake_node/share/turtlebot3_fake_node/local_setup.bash
[0.280s] -- Up-to-date symlink: /home/ubuntu-gigi/ses4r_ws/install/turtlebot3_fake_node/share/turtlebot3_fake_node/local_setup.sh
[0.280s] -- Up-to-date symlink: /home/ubuntu-gigi/ses4r_ws/install/turtlebot3_fake_node/share/turtlebot3_fake_node/local_setup.zsh
[0.281s] -- Up-to-date symlink: /home/ubuntu-gigi/ses4r_ws/install/turtlebot3_fake_node/share/turtlebot3_fake_node/local_setup.dsv
[0.281s] -- Symlinking: /home/ubuntu-gigi/ses4r_ws/install/turtlebot3_fake_node/share/turtlebot3_fake_node/package.dsv
[0.289s] -- Up-to-date symlink: /home/ubuntu-gigi/ses4r_ws/install/turtlebot3_fake_node/share/ament_index/resource_index/packages/turtlebot3_fake_node
[0.289s] -- Up-to-date symlink: /home/ubuntu-gigi/ses4r_ws/install/turtlebot3_fake_node/share/turtlebot3_fake_node/cmake/ament_cmake_export_include_directories-extras.cmake
[0.289s] -- Up-to-date symlink: /home/ubuntu-gigi/ses4r_ws/install/turtlebot3_fake_node/share/turtlebot3_fake_node/cmake/ament_cmake_export_dependencies-extras.cmake
[0.289s] -- Up-to-date symlink: /home/ubuntu-gigi/ses4r_ws/install/turtlebot3_fake_node/share/turtlebot3_fake_node/cmake/turtlebot3_fake_nodeConfig.cmake
[0.289s] -- Up-to-date symlink: /home/ubuntu-gigi/ses4r_ws/install/turtlebot3_fake_node/share/turtlebot3_fake_node/cmake/turtlebot3_fake_nodeConfig-version.cmake
[0.290s] -- Up-to-date symlink: /home/ubuntu-gigi/ses4r_ws/install/turtlebot3_fake_node/share/turtlebot3_fake_node/package.xml
[0.294s] Invoked command in '/home/ubuntu-gigi/ses4r_ws/build/turtlebot3_fake_node' returned '0': CMAKE_PREFIX_PATH=/home/ubuntu-gigi/ses4r_ws/install/lab01_pkg:/opt/ros/humble /usr/bin/cmake --install /home/ubuntu-gigi/ses4r_ws/build/turtlebot3_fake_node
