[0.011s] Invoking command in '/home/ubuntu-gigi/ses4r_ws/build/turtlebot3_simulations': AMENT_PREFIX_PATH=/home/ubuntu-gigi/ses4r_ws/install/turtlebot3_fake_node:${AMENT_PREFIX_PATH} CMAKE_PREFIX_PATH=/home/ubuntu-gigi/ses4r_ws/install/turtlebot3_fake_node:/home/ubuntu-gigi/ses4r_ws/install/lab01_pkg:/opt/ros/humble /usr/bin/cmake --build /home/ubuntu-gigi/ses4r_ws/build/turtlebot3_simulations -- -j8 -l8
[0.054s] Invoked command in '/home/ubuntu-gigi/ses4r_ws/build/turtlebot3_simulations' returned '0': AMENT_PREFIX_PATH=/home/ubuntu-gigi/ses4r_ws/install/turtlebot3_fake_node:${AMENT_PREFIX_PATH} CMAKE_PREFIX_PATH=/home/ubuntu-gigi/ses4r_ws/install/turtlebot3_fake_node:/home/ubuntu-gigi/ses4r_ws/install/lab01_pkg:/opt/ros/humble /usr/bin/cmake --build /home/ubuntu-gigi/ses4r_ws/build/turtlebot3_simulations -- -j8 -l8
[0.055s] Invoking command in '/home/ubuntu-gigi/ses4r_ws/build/turtlebot3_simulations': AMENT_PREFIX_PATH=/home/ubuntu-gigi/ses4r_ws/install/turtlebot3_fake_node:${AMENT_PREFIX_PATH} CMAKE_PREFIX_PATH=/home/ubuntu-gigi/ses4r_ws/install/turtlebot3_fake_node:/home/ubuntu-gigi/ses4r_ws/install/lab01_pkg:/opt/ros/humble /usr/bin/cmake --install /home/ubuntu-gigi/ses4r_ws/build/turtlebot3_simulations
[0.062s] -- Install configuration: ""
[0.062s] -- Execute custom install script
[0.063s] -- Up-to-date symlink: /home/ubuntu-gigi/ses4r_ws/install/turtlebot3_simulations/share/ament_index/resource_index/package_run_dependencies/turtlebot3_simulations
[0.063s] -- Up-to-date symlink: /home/ubuntu-gigi/ses4r_ws/install/turtlebot3_simulations/share/ament_index/resource_index/parent_prefix_path/turtlebot3_simulations
[0.063s] -- Up-to-date symlink: /home/ubuntu-gigi/ses4r_ws/install/turtlebot3_simulations/share/turtlebot3_simulations/environment/ament_prefix_path.sh
[0.064s] -- Up-to-date symlink: /home/ubuntu-gigi/ses4r_ws/install/turtlebot3_simulations/share/turtlebot3_simulations/environment/ament_prefix_path.dsv
[0.064s] -- Up-to-date symlink: /home/ubuntu-gigi/ses4r_ws/install/turtlebot3_simulations/share/turtlebot3_simulations/environment/path.sh
[0.064s] -- Up-to-date symlink: /home/ubuntu-gigi/ses4r_ws/install/turtlebot3_simulations/share/turtlebot3_simulations/environment/path.dsv
[0.064s] -- Up-to-date symlink: /home/ubuntu-gigi/ses4r_ws/install/turtlebot3_simulations/share/turtlebot3_simulations/local_setup.bash
[0.065s] -- Up-to-date symlink: /home/ubuntu-gigi/ses4r_ws/install/turtlebot3_simulations/share/turtlebot3_simulations/local_setup.sh
[0.065s] -- Up-to-date symlink: /home/ubuntu-gigi/ses4r_ws/install/turtlebot3_simulations/share/turtlebot3_simulations/local_setup.zsh
[0.065s] -- Up-to-date symlink: /home/ubuntu-gigi/ses4r_ws/install/turtlebot3_simulations/share/turtlebot3_simulations/local_setup.dsv
[0.065s] -- Symlinking: /home/ubuntu-gigi/ses4r_ws/install/turtlebot3_simulations/share/turtlebot3_simulations/package.dsv
[0.072s] -- Up-to-date symlink: /home/ubuntu-gigi/ses4r_ws/install/turtlebot3_simulations/share/ament_index/resource_index/packages/turtlebot3_simulations
[0.072s] -- Up-to-date symlink: /home/ubuntu-gigi/ses4r_ws/install/turtlebot3_simulations/share/turtlebot3_simulations/cmake/turtlebot3_simulationsConfig.cmake
[0.072s] -- Up-to-date symlink: /home/ubuntu-gigi/ses4r_ws/install/turtlebot3_simulations/share/turtlebot3_simulations/cmake/turtlebot3_simulationsConfig-version.cmake
[0.073s] -- Up-to-date symlink: /home/ubuntu-gigi/ses4r_ws/install/turtlebot3_simulations/share/turtlebot3_simulations/package.xml
[0.074s] Invoked command in '/home/ubuntu-gigi/ses4r_ws/build/turtlebot3_simulations' returned '0': AMENT_PREFIX_PATH=/home/ubuntu-gigi/ses4r_ws/install/turtlebot3_fake_node:${AMENT_PREFIX_PATH} CMAKE_PREFIX_PATH=/home/ubuntu-gigi/ses4r_ws/install/turtlebot3_fake_node:/home/ubuntu-gigi/ses4r_ws/install/lab01_pkg:/opt/ros/humble /usr/bin/cmake --install /home/ubuntu-gigi/ses4r_ws/build/turtlebot3_simulations
