[0.099s] DEBUG:colcon:Command line arguments: ['/usr/bin/colcon', 'build', '--symlink-install']
[0.099s] DEBUG:colcon:Parsed command line arguments: Namespace(log_base=None, log_level=None, verb_name='build', build_base='build', install_base='install', merge_install=False, symlink_install=True, test_result_base=None, continue_on_error=False, executor='parallel', parallel_workers=8, event_handlers=None, ignore_user_meta=False, metas=['./colcon.meta'], base_paths=['.'], packages_ignore=None, packages_ignore_regex=None, paths=None, packages_up_to=None, packages_up_to_regex=None, packages_above=None, packages_above_and_dependencies=None, packages_above_depth=None, packages_select_by_dep=None, packages_skip_by_dep=None, packages_skip_up_to=None, packages_select_build_failed=False, packages_skip_build_finished=False, packages_select_test_failures=False, packages_skip_test_passed=False, packages_select=None, packages_skip=None, packages_select_regex=None, packages_skip_regex=None, packages_start=None, packages_end=None, allow_overriding=[], cmake_args=None, cmake_target=None, cmake_target_skip_unavailable=False, cmake_clean_cache=False, cmake_clean_first=False, cmake_force_configure=False, ament_cmake_args=None, catkin_cmake_args=None, catkin_skip_building_tests=False, mixin_files=None, mixin=None, verb_parser=<colcon_mixin.mixin.mixin_argument.MixinArgumentDecorator object at 0x7f401f659990>, verb_extension=<colcon_core.verb.build.BuildVerb object at 0x7f401f659330>, main=<bound method BuildVerb.main of <colcon_core.verb.build.BuildVerb object at 0x7f401f659330>>, mixin_verb=('build',))
[0.250s] Level 1:colcon.colcon_core.package_discovery:discover_packages(colcon_meta) check parameters
[0.250s] Level 1:colcon.colcon_core.package_discovery:discover_packages(recursive) check parameters
[0.250s] Level 1:colcon.colcon_core.package_discovery:discover_packages(ignore) check parameters
[0.250s] Level 1:colcon.colcon_core.package_discovery:discover_packages(path) check parameters
[0.250s] Level 1:colcon.colcon_core.package_discovery:discover_packages(colcon_meta) discover
[0.250s] Level 1:colcon.colcon_core.package_discovery:discover_packages(recursive) discover
[0.250s] INFO:colcon.colcon_core.package_discovery:Crawling recursively for packages in '/home/ubuntu-gigi/ses4r_ws'
[0.250s] Level 1:colcon.colcon_core.package_identification:_identify(.) by extensions ['ignore', 'ignore_ament_install']
[0.251s] Level 1:colcon.colcon_core.package_identification:_identify(.) by extension 'ignore'
[0.251s] Level 1:colcon.colcon_core.package_identification:_identify(.) by extension 'ignore_ament_install'
[0.251s] Level 1:colcon.colcon_core.package_identification:_identify(.) by extensions ['colcon_pkg']
[0.251s] Level 1:colcon.colcon_core.package_identification:_identify(.) by extension 'colcon_pkg'
[0.251s] Level 1:colcon.colcon_core.package_identification:_identify(.) by extensions ['colcon_meta']
[0.251s] Level 1:colcon.colcon_core.package_identification:_identify(.) by extension 'colcon_meta'
[0.251s] Level 1:colcon.colcon_core.package_identification:_identify(.) by extensions ['ros']
[0.251s] Level 1:colcon.colcon_core.package_identification:_identify(.) by extension 'ros'
[0.260s] Level 1:colcon.colcon_core.package_identification:_identify(.) by extensions ['cmake', 'python']
[0.260s] Level 1:colcon.colcon_core.package_identification:_identify(.) by extension 'cmake'
[0.261s] Level 1:colcon.colcon_core.package_identification:_identify(.) by extension 'python'
[0.261s] Level 1:colcon.colcon_core.package_identification:_identify(.) by extensions ['python_setup_py']
[0.261s] Level 1:colcon.colcon_core.package_identification:_identify(.) by extension 'python_setup_py'
[0.261s] Level 1:colcon.colcon_core.package_identification:_identify(build) by extensions ['ignore', 'ignore_ament_install']
[0.261s] Level 1:colcon.colcon_core.package_identification:_identify(build) by extension 'ignore'
[0.261s] Level 1:colcon.colcon_core.package_identification:_identify(build) ignored
[0.261s] Level 1:colcon.colcon_core.package_identification:_identify(install) by extensions ['ignore', 'ignore_ament_install']
[0.261s] Level 1:colcon.colcon_core.package_identification:_identify(install) by extension 'ignore'
[0.261s] Level 1:colcon.colcon_core.package_identification:_identify(install) ignored
[0.261s] Level 1:colcon.colcon_core.package_identification:_identify(log) by extensions ['ignore', 'ignore_ament_install']
[0.261s] Level 1:colcon.colcon_core.package_identification:_identify(log) by extension 'ignore'
[0.261s] Level 1:colcon.colcon_core.package_identification:_identify(log) ignored
[0.261s] Level 1:colcon.colcon_core.package_identification:_identify(rosbag2_2025_10_14-15_08_43) by extensions ['ignore', 'ignore_ament_install']
[0.261s] Level 1:colcon.colcon_core.package_identification:_identify(rosbag2_2025_10_14-15_08_43) by extension 'ignore'
[0.261s] Level 1:colcon.colcon_core.package_identification:_identify(rosbag2_2025_10_14-15_08_43) by extension 'ignore_ament_install'
[0.262s] Level 1:colcon.colcon_core.package_identification:_identify(rosbag2_2025_10_14-15_08_43) by extensions ['colcon_pkg']
[0.262s] Level 1:colcon.colcon_core.package_identification:_identify(rosbag2_2025_10_14-15_08_43) by extension 'colcon_pkg'
[0.262s] Level 1:colcon.colcon_core.package_identification:_identify(rosbag2_2025_10_14-15_08_43) by extensions ['colcon_meta']
[0.262s] Level 1:colcon.colcon_core.package_identification:_identify(rosbag2_2025_10_14-15_08_43) by extension 'colcon_meta'
[0.262s] Level 1:colcon.colcon_core.package_identification:_identify(rosbag2_2025_10_14-15_08_43) by extensions ['ros']
[0.262s] Level 1:colcon.colcon_core.package_identification:_identify(rosbag2_2025_10_14-15_08_43) by extension 'ros'
[0.262s] Level 1:colcon.colcon_core.package_identification:_identify(rosbag2_2025_10_14-15_08_43) by extensions ['cmake', 'python']
[0.262s] Level 1:colcon.colcon_core.package_identification:_identify(rosbag2_2025_10_14-15_08_43) by extension 'cmake'
[0.262s] Level 1:colcon.colcon_core.package_identification:_identify(rosbag2_2025_10_14-15_08_43) by extension 'python'
[0.262s] Level 1:colcon.colcon_core.package_identification:_identify(rosbag2_2025_10_14-15_08_43) by extensions ['python_setup_py']
[0.262s] Level 1:colcon.colcon_core.package_identification:_identify(rosbag2_2025_10_14-15_08_43) by extension 'python_setup_py'
[0.262s] Level 1:colcon.colcon_core.package_identification:_identify(src) by extensions ['ignore', 'ignore_ament_install']
[0.262s] Level 1:colcon.colcon_core.package_identification:_identify(src) by extension 'ignore'
[0.262s] Level 1:colcon.colcon_core.package_identification:_identify(src) by extension 'ignore_ament_install'
[0.262s] Level 1:colcon.colcon_core.package_identification:_identify(src) by extensions ['colcon_pkg']
[0.262s] Level 1:colcon.colcon_core.package_identification:_identify(src) by extension 'colcon_pkg'
[0.262s] Level 1:colcon.colcon_core.package_identification:_identify(src) by extensions ['colcon_meta']
[0.262s] Level 1:colcon.colcon_core.package_identification:_identify(src) by extension 'colcon_meta'
[0.262s] Level 1:colcon.colcon_core.package_identification:_identify(src) by extensions ['ros']
[0.262s] Level 1:colcon.colcon_core.package_identification:_identify(src) by extension 'ros'
[0.262s] Level 1:colcon.colcon_core.package_identification:_identify(src) by extensions ['cmake', 'python']
[0.262s] Level 1:colcon.colcon_core.package_identification:_identify(src) by extension 'cmake'
[0.262s] Level 1:colcon.colcon_core.package_identification:_identify(src) by extension 'python'
[0.262s] Level 1:colcon.colcon_core.package_identification:_identify(src) by extensions ['python_setup_py']
[0.263s] Level 1:colcon.colcon_core.package_identification:_identify(src) by extension 'python_setup_py'
[0.263s] Level 1:colcon.colcon_core.package_identification:_identify(src/lab01_pkg) by extensions ['ignore', 'ignore_ament_install']
[0.263s] Level 1:colcon.colcon_core.package_identification:_identify(src/lab01_pkg) by extension 'ignore'
[0.263s] Level 1:colcon.colcon_core.package_identification:_identify(src/lab01_pkg) by extension 'ignore_ament_install'
[0.263s] Level 1:colcon.colcon_core.package_identification:_identify(src/lab01_pkg) by extensions ['colcon_pkg']
[0.263s] Level 1:colcon.colcon_core.package_identification:_identify(src/lab01_pkg) by extension 'colcon_pkg'
[0.263s] Level 1:colcon.colcon_core.package_identification:_identify(src/lab01_pkg) by extensions ['colcon_meta']
[0.263s] Level 1:colcon.colcon_core.package_identification:_identify(src/lab01_pkg) by extension 'colcon_meta'
[0.263s] Level 1:colcon.colcon_core.package_identification:_identify(src/lab01_pkg) by extensions ['ros']
[0.263s] Level 1:colcon.colcon_core.package_identification:_identify(src/lab01_pkg) by extension 'ros'
[0.265s] DEBUG:colcon.colcon_core.package_identification:Package 'src/lab01_pkg' with type 'ros.ament_python' and name 'lab01_pkg'
[0.265s] Level 1:colcon.colcon_core.package_identification:_identify(src/turtlebot3_simulations) by extensions ['ignore', 'ignore_ament_install']
[0.265s] Level 1:colcon.colcon_core.package_identification:_identify(src/turtlebot3_simulations) by extension 'ignore'
[0.265s] Level 1:colcon.colcon_core.package_identification:_identify(src/turtlebot3_simulations) by extension 'ignore_ament_install'
[0.265s] Level 1:colcon.colcon_core.package_identification:_identify(src/turtlebot3_simulations) by extensions ['colcon_pkg']
[0.265s] Level 1:colcon.colcon_core.package_identification:_identify(src/turtlebot3_simulations) by extension 'colcon_pkg'
[0.265s] Level 1:colcon.colcon_core.package_identification:_identify(src/turtlebot3_simulations) by extensions ['colcon_meta']
[0.265s] Level 1:colcon.colcon_core.package_identification:_identify(src/turtlebot3_simulations) by extension 'colcon_meta'
[0.265s] Level 1:colcon.colcon_core.package_identification:_identify(src/turtlebot3_simulations) by extensions ['ros']
[0.265s] Level 1:colcon.colcon_core.package_identification:_identify(src/turtlebot3_simulations) by extension 'ros'
[0.266s] Level 1:colcon.colcon_core.package_identification:_identify(src/turtlebot3_simulations) by extensions ['cmake', 'python']
[0.266s] Level 1:colcon.colcon_core.package_identification:_identify(src/turtlebot3_simulations) by extension 'cmake'
[0.266s] Level 1:colcon.colcon_core.package_identification:_identify(src/turtlebot3_simulations) by extension 'python'
[0.266s] Level 1:colcon.colcon_core.package_identification:_identify(src/turtlebot3_simulations) by extensions ['python_setup_py']
[0.266s] Level 1:colcon.colcon_core.package_identification:_identify(src/turtlebot3_simulations) by extension 'python_setup_py'
[0.266s] Level 1:colcon.colcon_core.package_identification:_identify(src/turtlebot3_simulations/turtlebot3_fake_node) by extensions ['ignore', 'ignore_ament_install']
[0.266s] Level 1:colcon.colcon_core.package_identification:_identify(src/turtlebot3_simulations/turtlebot3_fake_node) by extension 'ignore'
[0.266s] Level 1:colcon.colcon_core.package_identification:_identify(src/turtlebot3_simulations/turtlebot3_fake_node) by extension 'ignore_ament_install'
[0.266s] Level 1:colcon.colcon_core.package_identification:_identify(src/turtlebot3_simulations/turtlebot3_fake_node) by extensions ['colcon_pkg']
[0.266s] Level 1:colcon.colcon_core.package_identification:_identify(src/turtlebot3_simulations/turtlebot3_fake_node) by extension 'colcon_pkg'
[0.266s] Level 1:colcon.colcon_core.package_identification:_identify(src/turtlebot3_simulations/turtlebot3_fake_node) by extensions ['colcon_meta']
[0.266s] Level 1:colcon.colcon_core.package_identification:_identify(src/turtlebot3_simulations/turtlebot3_fake_node) by extension 'colcon_meta'
[0.266s] Level 1:colcon.colcon_core.package_identification:_identify(src/turtlebot3_simulations/turtlebot3_fake_node) by extensions ['ros']
[0.266s] Level 1:colcon.colcon_core.package_identification:_identify(src/turtlebot3_simulations/turtlebot3_fake_node) by extension 'ros'
[0.267s] DEBUG:colcon.colcon_core.package_identification:Package 'src/turtlebot3_simulations/turtlebot3_fake_node' with type 'ros.ament_cmake' and name 'turtlebot3_fake_node'
[0.267s] Level 1:colcon.colcon_core.package_identification:_identify(src/turtlebot3_simulations/turtlebot3_gazebo) by extensions ['ignore', 'ignore_ament_install']
[0.267s] Level 1:colcon.colcon_core.package_identification:_identify(src/turtlebot3_simulations/turtlebot3_gazebo) by extension 'ignore'
[0.267s] Level 1:colcon.colcon_core.package_identification:_identify(src/turtlebot3_simulations/turtlebot3_gazebo) by extension 'ignore_ament_install'
[0.267s] Level 1:colcon.colcon_core.package_identification:_identify(src/turtlebot3_simulations/turtlebot3_gazebo) by extensions ['colcon_pkg']
[0.267s] Level 1:colcon.colcon_core.package_identification:_identify(src/turtlebot3_simulations/turtlebot3_gazebo) by extension 'colcon_pkg'
[0.268s] Level 1:colcon.colcon_core.package_identification:_identify(src/turtlebot3_simulations/turtlebot3_gazebo) by extensions ['colcon_meta']
[0.268s] Level 1:colcon.colcon_core.package_identification:_identify(src/turtlebot3_simulations/turtlebot3_gazebo) by extension 'colcon_meta'
[0.268s] Level 1:colcon.colcon_core.package_identification:_identify(src/turtlebot3_simulations/turtlebot3_gazebo) by extensions ['ros']
[0.268s] Level 1:colcon.colcon_core.package_identification:_identify(src/turtlebot3_simulations/turtlebot3_gazebo) by extension 'ros'
[0.268s] DEBUG:colcon.colcon_core.package_identification:Package 'src/turtlebot3_simulations/turtlebot3_gazebo' with type 'ros.ament_cmake' and name 'turtlebot3_gazebo'
[0.269s] Level 1:colcon.colcon_core.package_identification:_identify(src/turtlebot3_simulations/turtlebot3_ignition) by extensions ['ignore', 'ignore_ament_install']
[0.269s] Level 1:colcon.colcon_core.package_identification:_identify(src/turtlebot3_simulations/turtlebot3_ignition) by extension 'ignore'
[0.269s] Level 1:colcon.colcon_core.package_identification:_identify(src/turtlebot3_simulations/turtlebot3_ignition) ignored
[0.269s] Level 1:colcon.colcon_core.package_identification:_identify(src/turtlebot3_simulations/turtlebot3_simulations) by extensions ['ignore', 'ignore_ament_install']
[0.269s] Level 1:colcon.colcon_core.package_identification:_identify(src/turtlebot3_simulations/turtlebot3_simulations) by extension 'ignore'
[0.269s] Level 1:colcon.colcon_core.package_identification:_identify(src/turtlebot3_simulations/turtlebot3_simulations) by extension 'ignore_ament_install'
[0.269s] Level 1:colcon.colcon_core.package_identification:_identify(src/turtlebot3_simulations/turtlebot3_simulations) by extensions ['colcon_pkg']
[0.269s] Level 1:colcon.colcon_core.package_identification:_identify(src/turtlebot3_simulations/turtlebot3_simulations) by extension 'colcon_pkg'
[0.269s] Level 1:colcon.colcon_core.package_identification:_identify(src/turtlebot3_simulations/turtlebot3_simulations) by extensions ['colcon_meta']
[0.269s] Level 1:colcon.colcon_core.package_identification:_identify(src/turtlebot3_simulations/turtlebot3_simulations) by extension 'colcon_meta'
[0.269s] Level 1:colcon.colcon_core.package_identification:_identify(src/turtlebot3_simulations/turtlebot3_simulations) by extensions ['ros']
[0.269s] Level 1:colcon.colcon_core.package_identification:_identify(src/turtlebot3_simulations/turtlebot3_simulations) by extension 'ros'
[0.270s] DEBUG:colcon.colcon_core.package_identification:Package 'src/turtlebot3_simulations/turtlebot3_simulations' with type 'ros.ament_cmake' and name 'turtlebot3_simulations'
[0.270s] Level 1:colcon.colcon_core.package_discovery:discover_packages(recursive) using defaults
[0.270s] Level 1:colcon.colcon_core.package_discovery:discover_packages(ignore) discover
[0.270s] Level 1:colcon.colcon_core.package_discovery:discover_packages(ignore) using defaults
[0.270s] Level 1:colcon.colcon_core.package_discovery:discover_packages(path) discover
[0.270s] Level 1:colcon.colcon_core.package_discovery:discover_packages(path) using defaults
[0.297s] Level 1:colcon.colcon_core.package_discovery:discover_packages(prefix_path) check parameters
[0.297s] Level 1:colcon.colcon_core.package_discovery:discover_packages(prefix_path) discover
[0.299s] DEBUG:colcon.colcon_installed_package_information.package_discovery:Found 1 installed packages in /home/ubuntu-gigi/ses4r_ws/install
[0.300s] DEBUG:colcon.colcon_installed_package_information.package_discovery:Found 345 installed packages in /opt/ros/humble
[0.301s] Level 1:colcon.colcon_core.package_discovery:discover_packages(prefix_path) using defaults
[0.345s] Level 5:colcon.colcon_core.verb:set package 'lab01_pkg' build argument 'cmake_args' from command line to 'None'
[0.345s] Level 5:colcon.colcon_core.verb:set package 'lab01_pkg' build argument 'cmake_target' from command line to 'None'
[0.345s] Level 5:colcon.colcon_core.verb:set package 'lab01_pkg' build argument 'cmake_target_skip_unavailable' from command line to 'False'
[0.345s] Level 5:colcon.colcon_core.verb:set package 'lab01_pkg' build argument 'cmake_clean_cache' from command line to 'False'
[0.345s] Level 5:colcon.colcon_core.verb:set package 'lab01_pkg' build argument 'cmake_clean_first' from command line to 'False'
[0.345s] Level 5:colcon.colcon_core.verb:set package 'lab01_pkg' build argument 'cmake_force_configure' from command line to 'False'
[0.345s] Level 5:colcon.colcon_core.verb:set package 'lab01_pkg' build argument 'ament_cmake_args' from command line to 'None'
[0.345s] Level 5:colcon.colcon_core.verb:set package 'lab01_pkg' build argument 'catkin_cmake_args' from command line to 'None'
[0.345s] Level 5:colcon.colcon_core.verb:set package 'lab01_pkg' build argument 'catkin_skip_building_tests' from command line to 'False'
[0.345s] DEBUG:colcon.colcon_core.verb:Building package 'lab01_pkg' with the following arguments: {'ament_cmake_args': None, 'build_base': '/home/ubuntu-gigi/ses4r_ws/build/lab01_pkg', 'catkin_cmake_args': None, 'catkin_skip_building_tests': False, 'cmake_args': None, 'cmake_clean_cache': False, 'cmake_clean_first': False, 'cmake_force_configure': False, 'cmake_target': None, 'cmake_target_skip_unavailable': False, 'install_base': '/home/ubuntu-gigi/ses4r_ws/install/lab01_pkg', 'merge_install': False, 'path': '/home/ubuntu-gigi/ses4r_ws/src/lab01_pkg', 'symlink_install': True, 'test_result_base': None}
[0.346s] Level 5:colcon.colcon_core.verb:set package 'turtlebot3_fake_node' build argument 'cmake_args' from command line to 'None'
[0.346s] Level 5:colcon.colcon_core.verb:set package 'turtlebot3_fake_node' build argument 'cmake_target' from command line to 'None'
[0.346s] Level 5:colcon.colcon_core.verb:set package 'turtlebot3_fake_node' build argument 'cmake_target_skip_unavailable' from command line to 'False'
[0.346s] Level 5:colcon.colcon_core.verb:set package 'turtlebot3_fake_node' build argument 'cmake_clean_cache' from command line to 'False'
[0.346s] Level 5:colcon.colcon_core.verb:set package 'turtlebot3_fake_node' build argument 'cmake_clean_first' from command line to 'False'
[0.346s] Level 5:colcon.colcon_core.verb:set package 'turtlebot3_fake_node' build argument 'cmake_force_configure' from command line to 'False'
[0.346s] Level 5:colcon.colcon_core.verb:set package 'turtlebot3_fake_node' build argument 'ament_cmake_args' from command line to 'None'
[0.346s] Level 5:colcon.colcon_core.verb:set package 'turtlebot3_fake_node' build argument 'catkin_cmake_args' from command line to 'None'
[0.346s] Level 5:colcon.colcon_core.verb:set package 'turtlebot3_fake_node' build argument 'catkin_skip_building_tests' from command line to 'False'
[0.346s] DEBUG:colcon.colcon_core.verb:Building package 'turtlebot3_fake_node' with the following arguments: {'ament_cmake_args': None, 'build_base': '/home/ubuntu-gigi/ses4r_ws/build/turtlebot3_fake_node', 'catkin_cmake_args': None, 'catkin_skip_building_tests': False, 'cmake_args': None, 'cmake_clean_cache': False, 'cmake_clean_first': False, 'cmake_force_configure': False, 'cmake_target': None, 'cmake_target_skip_unavailable': False, 'install_base': '/home/ubuntu-gigi/ses4r_ws/install/turtlebot3_fake_node', 'merge_install': False, 'path': '/home/ubuntu-gigi/ses4r_ws/src/turtlebot3_simulations/turtlebot3_fake_node', 'symlink_install': True, 'test_result_base': None}
[0.346s] Level 5:colcon.colcon_core.verb:set package 'turtlebot3_gazebo' build argument 'cmake_args' from command line to 'None'
[0.346s] Level 5:colcon.colcon_core.verb:set package 'turtlebot3_gazebo' build argument 'cmake_target' from command line to 'None'
[0.346s] Level 5:colcon.colcon_core.verb:set package 'turtlebot3_gazebo' build argument 'cmake_target_skip_unavailable' from command line to 'False'
[0.346s] Level 5:colcon.colcon_core.verb:set package 'turtlebot3_gazebo' build argument 'cmake_clean_cache' from command line to 'False'
[0.346s] Level 5:colcon.colcon_core.verb:set package 'turtlebot3_gazebo' build argument 'cmake_clean_first' from command line to 'False'
[0.346s] Level 5:colcon.colcon_core.verb:set package 'turtlebot3_gazebo' build argument 'cmake_force_configure' from command line to 'False'
[0.346s] Level 5:colcon.colcon_core.verb:set package 'turtlebot3_gazebo' build argument 'ament_cmake_args' from command line to 'None'
[0.346s] Level 5:colcon.colcon_core.verb:set package 'turtlebot3_gazebo' build argument 'catkin_cmake_args' from command line to 'None'
[0.346s] Level 5:colcon.colcon_core.verb:set package 'turtlebot3_gazebo' build argument 'catkin_skip_building_tests' from command line to 'False'
[0.346s] DEBUG:colcon.colcon_core.verb:Building package 'turtlebot3_gazebo' with the following arguments: {'ament_cmake_args': None, 'build_base': '/home/ubuntu-gigi/ses4r_ws/build/turtlebot3_gazebo', 'catkin_cmake_args': None, 'catkin_skip_building_tests': False, 'cmake_args': None, 'cmake_clean_cache': False, 'cmake_clean_first': False, 'cmake_force_configure': False, 'cmake_target': None, 'cmake_target_skip_unavailable': False, 'install_base': '/home/ubuntu-gigi/ses4r_ws/install/turtlebot3_gazebo', 'merge_install': False, 'path': '/home/ubuntu-gigi/ses4r_ws/src/turtlebot3_simulations/turtlebot3_gazebo', 'symlink_install': True, 'test_result_base': None}
[0.347s] Level 5:colcon.colcon_core.verb:set package 'turtlebot3_simulations' build argument 'cmake_args' from command line to 'None'
[0.347s] Level 5:colcon.colcon_core.verb:set package 'turtlebot3_simulations' build argument 'cmake_target' from command line to 'None'
[0.347s] Level 5:colcon.colcon_core.verb:set package 'turtlebot3_simulations' build argument 'cmake_target_skip_unavailable' from command line to 'False'
[0.347s] Level 5:colcon.colcon_core.verb:set package 'turtlebot3_simulations' build argument 'cmake_clean_cache' from command line to 'False'
[0.347s] Level 5:colcon.colcon_core.verb:set package 'turtlebot3_simulations' build argument 'cmake_clean_first' from command line to 'False'
[0.347s] Level 5:colcon.colcon_core.verb:set package 'turtlebot3_simulations' build argument 'cmake_force_configure' from command line to 'False'
[0.347s] Level 5:colcon.colcon_core.verb:set package 'turtlebot3_simulations' build argument 'ament_cmake_args' from command line to 'None'
[0.347s] Level 5:colcon.colcon_core.verb:set package 'turtlebot3_simulations' build argument 'catkin_cmake_args' from command line to 'None'
[0.347s] Level 5:colcon.colcon_core.verb:set package 'turtlebot3_simulations' build argument 'catkin_skip_building_tests' from command line to 'False'
[0.347s] DEBUG:colcon.colcon_core.verb:Building package 'turtlebot3_simulations' with the following arguments: {'ament_cmake_args': None, 'build_base': '/home/ubuntu-gigi/ses4r_ws/build/turtlebot3_simulations', 'catkin_cmake_args': None, 'catkin_skip_building_tests': False, 'cmake_args': None, 'cmake_clean_cache': False, 'cmake_clean_first': False, 'cmake_force_configure': False, 'cmake_target': None, 'cmake_target_skip_unavailable': False, 'install_base': '/home/ubuntu-gigi/ses4r_ws/install/turtlebot3_simulations', 'merge_install': False, 'path': '/home/ubuntu-gigi/ses4r_ws/src/turtlebot3_simulations/turtlebot3_simulations', 'symlink_install': True, 'test_result_base': None}
[0.347s] INFO:colcon.colcon_core.executor:Executing jobs using 'parallel' executor
[0.348s] DEBUG:colcon.colcon_parallel_executor.executor.parallel:run_until_complete
[0.348s] INFO:colcon.colcon_ros.task.ament_cmake.build:Building ROS package in '/home/ubuntu-gigi/ses4r_ws/src/turtlebot3_simulations/turtlebot3_fake_node' with build type 'ament_cmake'
[0.348s] INFO:colcon.colcon_cmake.task.cmake.build:Building CMake package in '/home/ubuntu-gigi/ses4r_ws/src/turtlebot3_simulations/turtlebot3_fake_node'
[0.350s] INFO:colcon.colcon_core.plugin_system:Skipping extension 'colcon_core.shell.bat': Not used on non-Windows systems
[0.350s] INFO:colcon.colcon_core.shell:Skip shell extension 'powershell' for command environment: Not usable outside of PowerShell
[0.350s] DEBUG:colcon.colcon_core.shell:Skip shell extension 'dsv' for command environment
[0.353s] INFO:colcon.colcon_ros.task.ament_python.build:Building ROS package in '/home/ubuntu-gigi/ses4r_ws/src/lab01_pkg' with build type 'ament_python'
[0.353s] Level 1:colcon.colcon_core.shell:create_environment_hook('lab01_pkg', 'ament_prefix_path')
[0.353s] INFO:colcon.colcon_core.shell:Creating environment hook '/home/ubuntu-gigi/ses4r_ws/install/lab01_pkg/share/lab01_pkg/hook/ament_prefix_path.ps1'
[0.354s] INFO:colcon.colcon_core.shell:Creating environment descriptor '/home/ubuntu-gigi/ses4r_ws/install/lab01_pkg/share/lab01_pkg/hook/ament_prefix_path.dsv'
[0.354s] INFO:colcon.colcon_core.shell:Creating environment hook '/home/ubuntu-gigi/ses4r_ws/install/lab01_pkg/share/lab01_pkg/hook/ament_prefix_path.sh'
[0.355s] INFO:colcon.colcon_core.shell:Skip shell extension 'powershell' for command environment: Not usable outside of PowerShell
[0.355s] DEBUG:colcon.colcon_core.shell:Skip shell extension 'dsv' for command environment
[0.357s] INFO:colcon.colcon_ros.task.ament_cmake.build:Building ROS package in '/home/ubuntu-gigi/ses4r_ws/src/turtlebot3_simulations/turtlebot3_gazebo' with build type 'ament_cmake'
[0.358s] INFO:colcon.colcon_cmake.task.cmake.build:Building CMake package in '/home/ubuntu-gigi/ses4r_ws/src/turtlebot3_simulations/turtlebot3_gazebo'
[0.358s] INFO:colcon.colcon_core.shell:Skip shell extension 'powershell' for command environment: Not usable outside of PowerShell
[0.358s] DEBUG:colcon.colcon_core.shell:Skip shell extension 'dsv' for command environment
[0.364s] DEBUG:colcon.colcon_core.event_handler.log_command:Invoking command in '/home/ubuntu-gigi/ses4r_ws/build/turtlebot3_fake_node': CMAKE_PREFIX_PATH=/home/ubuntu-gigi/ses4r_ws/install/lab01_pkg:/opt/ros/humble /usr/bin/cmake /home/ubuntu-gigi/ses4r_ws/src/turtlebot3_simulations/turtlebot3_fake_node -DAMENT_CMAKE_SYMLINK_INSTALL=1 -DCMAKE_INSTALL_PREFIX=/home/ubuntu-gigi/ses4r_ws/install/turtlebot3_fake_node
[0.612s] INFO:colcon.colcon_core.task.python.build:Building Python package in '/home/ubuntu-gigi/ses4r_ws/src/lab01_pkg'
[0.612s] INFO:colcon.colcon_core.shell:Skip shell extension 'powershell' for command environment: Not usable outside of PowerShell
[0.612s] DEBUG:colcon.colcon_core.shell:Skip shell extension 'dsv' for command environment
[0.619s] DEBUG:colcon.colcon_core.event_handler.log_command:Invoking command in '/home/ubuntu-gigi/ses4r_ws/build/turtlebot3_gazebo': CMAKE_PREFIX_PATH=/home/ubuntu-gigi/ses4r_ws/install/lab01_pkg:/opt/ros/humble /usr/bin/cmake /home/ubuntu-gigi/ses4r_ws/src/turtlebot3_simulations/turtlebot3_gazebo -DAMENT_CMAKE_SYMLINK_INSTALL=1 -DCMAKE_INSTALL_PREFIX=/home/ubuntu-gigi/ses4r_ws/install/turtlebot3_gazebo
[0.948s] DEBUG:colcon.colcon_core.task.python.build:While undoing a previous installation files outside the Python library path are being ignored: /home/ubuntu-gigi/ses4r_ws/install/lab01_pkg/share/ament_index/resource_index/packages/lab01_pkg
[0.948s] DEBUG:colcon.colcon_core.task.python.build:While undoing a previous installation files outside the Python library path are being ignored: /home/ubuntu-gigi/ses4r_ws/install/lab01_pkg/share/lab01_pkg/package.xml
[0.948s] DEBUG:colcon.colcon_core.task.python.build:While undoing a previous installation files outside the Python library path are being ignored: /home/ubuntu-gigi/ses4r_ws/install/lab01_pkg/lib/lab01_pkg/controller
[0.948s] DEBUG:colcon.colcon_core.task.python.build:While undoing a previous installation files outside the Python library path are being ignored: /home/ubuntu-gigi/ses4r_ws/install/lab01_pkg/lib/lab01_pkg/controller_reset
[0.948s] DEBUG:colcon.colcon_core.task.python.build:While undoing a previous installation files outside the Python library path are being ignored: /home/ubuntu-gigi/ses4r_ws/install/lab01_pkg/lib/lab01_pkg/localization
[0.948s] DEBUG:colcon.colcon_core.task.python.build:While undoing a previous installation files outside the Python library path are being ignored: /home/ubuntu-gigi/ses4r_ws/install/lab01_pkg/lib/lab01_pkg/localization_reset
[0.948s] DEBUG:colcon.colcon_core.task.python.build:While undoing a previous installation files outside the Python library path are being ignored: /home/ubuntu-gigi/ses4r_ws/install/lab01_pkg/lib/lab01_pkg/reset_node
[0.951s] DEBUG:colcon.colcon_core.event_handler.log_command:Invoking command in '/home/ubuntu-gigi/ses4r_ws/build/lab01_pkg': PYTHONPATH=/home/ubuntu-gigi/ses4r_ws/build/lab01_pkg/prefix_override:/usr/lib/python3/dist-packages/colcon_core/task/python/colcon_distutils_commands:/home/ubuntu-gigi/ses4r_ws/install/lab01_pkg/lib/python3.10/site-packages:${PYTHONPATH} /usr/bin/python3 -W ignore:setup.py install is deprecated -W ignore:easy_install command is deprecated setup.py develop --editable --build-directory /home/ubuntu-gigi/ses4r_ws/build/lab01_pkg/build --no-deps symlink_data --force
[1.457s] Level 1:colcon.colcon_core.shell:create_environment_hook('lab01_pkg', 'pythonpath_develop')
[1.458s] INFO:colcon.colcon_core.shell:Creating environment hook '/home/ubuntu-gigi/ses4r_ws/build/lab01_pkg/share/lab01_pkg/hook/pythonpath_develop.ps1'
[1.458s] DEBUG:colcon.colcon_core.event_handler.log_command:Invoked command in '/home/ubuntu-gigi/ses4r_ws/build/lab01_pkg' returned '0': PYTHONPATH=/home/ubuntu-gigi/ses4r_ws/build/lab01_pkg/prefix_override:/usr/lib/python3/dist-packages/colcon_core/task/python/colcon_distutils_commands:/home/ubuntu-gigi/ses4r_ws/install/lab01_pkg/lib/python3.10/site-packages:${PYTHONPATH} /usr/bin/python3 -W ignore:setup.py install is deprecated -W ignore:easy_install command is deprecated setup.py develop --editable --build-directory /home/ubuntu-gigi/ses4r_ws/build/lab01_pkg/build --no-deps symlink_data --force
[1.458s] INFO:colcon.colcon_core.shell:Creating environment descriptor '/home/ubuntu-gigi/ses4r_ws/build/lab01_pkg/share/lab01_pkg/hook/pythonpath_develop.dsv'
[1.459s] INFO:colcon.colcon_core.shell:Creating environment hook '/home/ubuntu-gigi/ses4r_ws/build/lab01_pkg/share/lab01_pkg/hook/pythonpath_develop.sh'
[1.461s] Level 1:colcon.colcon_core.environment:checking '/home/ubuntu-gigi/ses4r_ws/install/lab01_pkg' for CMake module files
[1.461s] Level 1:colcon.colcon_core.environment:checking '/home/ubuntu-gigi/ses4r_ws/install/lab01_pkg' for CMake config files
[1.462s] Level 1:colcon.colcon_core.environment:checking '/home/ubuntu-gigi/ses4r_ws/install/lab01_pkg/lib'
[1.462s] Level 1:colcon.colcon_core.environment:checking '/home/ubuntu-gigi/ses4r_ws/install/lab01_pkg/bin'
[1.462s] Level 1:colcon.colcon_core.environment:checking '/home/ubuntu-gigi/ses4r_ws/install/lab01_pkg/lib/pkgconfig/lab01_pkg.pc'
[1.462s] Level 1:colcon.colcon_core.environment:checking '/home/ubuntu-gigi/ses4r_ws/install/lab01_pkg/lib/python3.10/site-packages'
[1.462s] Level 1:colcon.colcon_core.shell:create_environment_hook('lab01_pkg', 'pythonpath')
[1.462s] INFO:colcon.colcon_core.shell:Creating environment hook '/home/ubuntu-gigi/ses4r_ws/install/lab01_pkg/share/lab01_pkg/hook/pythonpath.ps1'
[1.463s] INFO:colcon.colcon_core.shell:Creating environment descriptor '/home/ubuntu-gigi/ses4r_ws/install/lab01_pkg/share/lab01_pkg/hook/pythonpath.dsv'
[1.463s] INFO:colcon.colcon_core.shell:Creating environment hook '/home/ubuntu-gigi/ses4r_ws/install/lab01_pkg/share/lab01_pkg/hook/pythonpath.sh'
[1.464s] Level 1:colcon.colcon_core.environment:checking '/home/ubuntu-gigi/ses4r_ws/install/lab01_pkg/bin'
[1.464s] Level 1:colcon.colcon_core.environment:create_environment_scripts_only(lab01_pkg)
[1.464s] INFO:colcon.colcon_core.shell:Creating package script '/home/ubuntu-gigi/ses4r_ws/install/lab01_pkg/share/lab01_pkg/package.ps1'
[1.465s] INFO:colcon.colcon_core.shell:Creating package descriptor '/home/ubuntu-gigi/ses4r_ws/install/lab01_pkg/share/lab01_pkg/package.dsv'
[1.465s] INFO:colcon.colcon_core.shell:Creating package script '/home/ubuntu-gigi/ses4r_ws/install/lab01_pkg/share/lab01_pkg/package.sh'
[1.466s] INFO:colcon.colcon_core.shell:Creating package script '/home/ubuntu-gigi/ses4r_ws/install/lab01_pkg/share/lab01_pkg/package.bash'
[1.467s] INFO:colcon.colcon_core.shell:Creating package script '/home/ubuntu-gigi/ses4r_ws/install/lab01_pkg/share/lab01_pkg/package.zsh'
[1.467s] Level 1:colcon.colcon_core.environment:create_file_with_runtime_dependencies(/home/ubuntu-gigi/ses4r_ws/install/lab01_pkg/share/colcon-core/packages/lab01_pkg)
[1.608s] DEBUG:colcon.colcon_core.event_handler.log_command:Invoked command in '/home/ubuntu-gigi/ses4r_ws/build/turtlebot3_fake_node' returned '0': CMAKE_PREFIX_PATH=/home/ubuntu-gigi/ses4r_ws/install/lab01_pkg:/opt/ros/humble /usr/bin/cmake /home/ubuntu-gigi/ses4r_ws/src/turtlebot3_simulations/turtlebot3_fake_node -DAMENT_CMAKE_SYMLINK_INSTALL=1 -DCMAKE_INSTALL_PREFIX=/home/ubuntu-gigi/ses4r_ws/install/turtlebot3_fake_node
[1.611s] DEBUG:colcon.colcon_core.event_handler.log_command:Invoking command in '/home/ubuntu-gigi/ses4r_ws/build/turtlebot3_fake_node': CMAKE_PREFIX_PATH=/home/ubuntu-gigi/ses4r_ws/install/lab01_pkg:/opt/ros/humble /usr/bin/cmake --build /home/ubuntu-gigi/ses4r_ws/build/turtlebot3_fake_node -- -j8 -l8
[2.641s] DEBUG:colcon.colcon_core.event_handler.log_command:Invoked command in '/home/ubuntu-gigi/ses4r_ws/build/turtlebot3_gazebo' returned '0': CMAKE_PREFIX_PATH=/home/ubuntu-gigi/ses4r_ws/install/lab01_pkg:/opt/ros/humble /usr/bin/cmake /home/ubuntu-gigi/ses4r_ws/src/turtlebot3_simulations/turtlebot3_gazebo -DAMENT_CMAKE_SYMLINK_INSTALL=1 -DCMAKE_INSTALL_PREFIX=/home/ubuntu-gigi/ses4r_ws/install/turtlebot3_gazebo
[2.643s] DEBUG:colcon.colcon_core.event_handler.log_command:Invoking command in '/home/ubuntu-gigi/ses4r_ws/build/turtlebot3_gazebo': CMAKE_PREFIX_PATH=/home/ubuntu-gigi/ses4r_ws/install/lab01_pkg:/opt/ros/humble /usr/bin/cmake --build /home/ubuntu-gigi/ses4r_ws/build/turtlebot3_gazebo -- -j8 -l8
[12.876s] DEBUG:colcon.colcon_core.event_handler.log_command:Invoked command in '/home/ubuntu-gigi/ses4r_ws/build/turtlebot3_fake_node' returned '0': CMAKE_PREFIX_PATH=/home/ubuntu-gigi/ses4r_ws/install/lab01_pkg:/opt/ros/humble /usr/bin/cmake --build /home/ubuntu-gigi/ses4r_ws/build/turtlebot3_fake_node -- -j8 -l8
[12.886s] DEBUG:colcon.colcon_core.event_handler.log_command:Invoking command in '/home/ubuntu-gigi/ses4r_ws/build/turtlebot3_fake_node': CMAKE_PREFIX_PATH=/home/ubuntu-gigi/ses4r_ws/install/lab01_pkg:/opt/ros/humble /usr/bin/cmake --install /home/ubuntu-gigi/ses4r_ws/build/turtlebot3_fake_node
[13.124s] Level 1:colcon.colcon_core.environment:create_environment_scripts_only(turtlebot3_fake_node)
[13.125s] Level 1:colcon.colcon_core.environment:checking '/home/ubuntu-gigi/ses4r_ws/install/turtlebot3_fake_node' for CMake module files
[13.126s] DEBUG:colcon.colcon_core.event_handler.log_command:Invoked command in '/home/ubuntu-gigi/ses4r_ws/build/turtlebot3_fake_node' returned '0': CMAKE_PREFIX_PATH=/home/ubuntu-gigi/ses4r_ws/install/lab01_pkg:/opt/ros/humble /usr/bin/cmake --install /home/ubuntu-gigi/ses4r_ws/build/turtlebot3_fake_node
[13.127s] Level 1:colcon.colcon_core.environment:checking '/home/ubuntu-gigi/ses4r_ws/install/turtlebot3_fake_node' for CMake config files
[13.127s] Level 1:colcon.colcon_core.shell:create_environment_hook('turtlebot3_fake_node', 'cmake_prefix_path')
[13.127s] INFO:colcon.colcon_core.shell:Creating environment hook '/home/ubuntu-gigi/ses4r_ws/install/turtlebot3_fake_node/share/turtlebot3_fake_node/hook/cmake_prefix_path.ps1'
[13.128s] INFO:colcon.colcon_core.shell:Creating environment descriptor '/home/ubuntu-gigi/ses4r_ws/install/turtlebot3_fake_node/share/turtlebot3_fake_node/hook/cmake_prefix_path.dsv'
[13.129s] INFO:colcon.colcon_core.shell:Creating environment hook '/home/ubuntu-gigi/ses4r_ws/install/turtlebot3_fake_node/share/turtlebot3_fake_node/hook/cmake_prefix_path.sh'
[13.130s] Level 1:colcon.colcon_core.environment:checking '/home/ubuntu-gigi/ses4r_ws/install/turtlebot3_fake_node/lib'
[13.130s] Level 1:colcon.colcon_core.environment:checking '/home/ubuntu-gigi/ses4r_ws/install/turtlebot3_fake_node/bin'
[13.130s] Level 1:colcon.colcon_core.environment:checking '/home/ubuntu-gigi/ses4r_ws/install/turtlebot3_fake_node/lib/pkgconfig/turtlebot3_fake_node.pc'
[13.130s] Level 1:colcon.colcon_core.environment:checking '/home/ubuntu-gigi/ses4r_ws/install/turtlebot3_fake_node/lib/python3.10/site-packages'
[13.131s] Level 1:colcon.colcon_core.environment:checking '/home/ubuntu-gigi/ses4r_ws/install/turtlebot3_fake_node/bin'
[13.131s] INFO:colcon.colcon_core.shell:Creating package script '/home/ubuntu-gigi/ses4r_ws/install/turtlebot3_fake_node/share/turtlebot3_fake_node/package.ps1'
[13.132s] INFO:colcon.colcon_core.shell:Creating package descriptor '/home/ubuntu-gigi/ses4r_ws/install/turtlebot3_fake_node/share/turtlebot3_fake_node/package.dsv'
[13.133s] INFO:colcon.colcon_core.shell:Creating package script '/home/ubuntu-gigi/ses4r_ws/install/turtlebot3_fake_node/share/turtlebot3_fake_node/package.sh'
[13.133s] INFO:colcon.colcon_core.shell:Creating package script '/home/ubuntu-gigi/ses4r_ws/install/turtlebot3_fake_node/share/turtlebot3_fake_node/package.bash'
[13.134s] INFO:colcon.colcon_core.shell:Creating package script '/home/ubuntu-gigi/ses4r_ws/install/turtlebot3_fake_node/share/turtlebot3_fake_node/package.zsh'
[13.134s] Level 1:colcon.colcon_core.environment:create_file_with_runtime_dependencies(/home/ubuntu-gigi/ses4r_ws/install/turtlebot3_fake_node/share/colcon-core/packages/turtlebot3_fake_node)
[13.135s] Level 1:colcon.colcon_core.environment:create_environment_scripts_only(turtlebot3_fake_node)
[13.135s] Level 1:colcon.colcon_core.environment:checking '/home/ubuntu-gigi/ses4r_ws/install/turtlebot3_fake_node' for CMake module files
[13.136s] Level 1:colcon.colcon_core.environment:checking '/home/ubuntu-gigi/ses4r_ws/install/turtlebot3_fake_node' for CMake config files
[13.136s] Level 1:colcon.colcon_core.shell:create_environment_hook('turtlebot3_fake_node', 'cmake_prefix_path')
[13.137s] INFO:colcon.colcon_core.shell:Creating environment hook '/home/ubuntu-gigi/ses4r_ws/install/turtlebot3_fake_node/share/turtlebot3_fake_node/hook/cmake_prefix_path.ps1'
[13.137s] INFO:colcon.colcon_core.shell:Creating environment descriptor '/home/ubuntu-gigi/ses4r_ws/install/turtlebot3_fake_node/share/turtlebot3_fake_node/hook/cmake_prefix_path.dsv'
[13.138s] INFO:colcon.colcon_core.shell:Creating environment hook '/home/ubuntu-gigi/ses4r_ws/install/turtlebot3_fake_node/share/turtlebot3_fake_node/hook/cmake_prefix_path.sh'
[13.138s] Level 1:colcon.colcon_core.environment:checking '/home/ubuntu-gigi/ses4r_ws/install/turtlebot3_fake_node/lib'
[13.138s] Level 1:colcon.colcon_core.environment:checking '/home/ubuntu-gigi/ses4r_ws/install/turtlebot3_fake_node/bin'
[13.138s] Level 1:colcon.colcon_core.environment:checking '/home/ubuntu-gigi/ses4r_ws/install/turtlebot3_fake_node/lib/pkgconfig/turtlebot3_fake_node.pc'
[13.139s] Level 1:colcon.colcon_core.environment:checking '/home/ubuntu-gigi/ses4r_ws/install/turtlebot3_fake_node/lib/python3.10/site-packages'
[13.139s] Level 1:colcon.colcon_core.environment:checking '/home/ubuntu-gigi/ses4r_ws/install/turtlebot3_fake_node/bin'
[13.140s] INFO:colcon.colcon_core.shell:Creating package script '/home/ubuntu-gigi/ses4r_ws/install/turtlebot3_fake_node/share/turtlebot3_fake_node/package.ps1'
[13.140s] INFO:colcon.colcon_core.shell:Creating package descriptor '/home/ubuntu-gigi/ses4r_ws/install/turtlebot3_fake_node/share/turtlebot3_fake_node/package.dsv'
[13.141s] INFO:colcon.colcon_core.shell:Creating package script '/home/ubuntu-gigi/ses4r_ws/install/turtlebot3_fake_node/share/turtlebot3_fake_node/package.sh'
[13.142s] INFO:colcon.colcon_core.shell:Creating package script '/home/ubuntu-gigi/ses4r_ws/install/turtlebot3_fake_node/share/turtlebot3_fake_node/package.bash'
[13.142s] INFO:colcon.colcon_core.shell:Creating package script '/home/ubuntu-gigi/ses4r_ws/install/turtlebot3_fake_node/share/turtlebot3_fake_node/package.zsh'
[13.143s] Level 1:colcon.colcon_core.environment:create_file_with_runtime_dependencies(/home/ubuntu-gigi/ses4r_ws/install/turtlebot3_fake_node/share/colcon-core/packages/turtlebot3_fake_node)
[13.143s] INFO:colcon.colcon_ros.task.ament_cmake.build:Building ROS package in '/home/ubuntu-gigi/ses4r_ws/src/turtlebot3_simulations/turtlebot3_simulations' with build type 'ament_cmake'
[13.143s] INFO:colcon.colcon_cmake.task.cmake.build:Building CMake package in '/home/ubuntu-gigi/ses4r_ws/src/turtlebot3_simulations/turtlebot3_simulations'
[13.144s] INFO:colcon.colcon_core.shell:Skip shell extension 'powershell' for command environment: Not usable outside of PowerShell
[13.144s] DEBUG:colcon.colcon_core.shell:Skip shell extension 'dsv' for command environment
[13.154s] DEBUG:colcon.colcon_core.event_handler.log_command:Invoking command in '/home/ubuntu-gigi/ses4r_ws/build/turtlebot3_simulations': AMENT_PREFIX_PATH=/home/ubuntu-gigi/ses4r_ws/install/turtlebot3_fake_node:${AMENT_PREFIX_PATH} CMAKE_PREFIX_PATH=/home/ubuntu-gigi/ses4r_ws/install/turtlebot3_fake_node:/home/ubuntu-gigi/ses4r_ws/install/lab01_pkg:/opt/ros/humble /usr/bin/cmake /home/ubuntu-gigi/ses4r_ws/src/turtlebot3_simulations/turtlebot3_simulations -DAMENT_CMAKE_SYMLINK_INSTALL=1 -DCMAKE_INSTALL_PREFIX=/home/ubuntu-gigi/ses4r_ws/install/turtlebot3_simulations
[13.807s] DEBUG:colcon.colcon_core.event_handler.log_command:Invoked command in '/home/ubuntu-gigi/ses4r_ws/build/turtlebot3_simulations' returned '0': AMENT_PREFIX_PATH=/home/ubuntu-gigi/ses4r_ws/install/turtlebot3_fake_node:${AMENT_PREFIX_PATH} CMAKE_PREFIX_PATH=/home/ubuntu-gigi/ses4r_ws/install/turtlebot3_fake_node:/home/ubuntu-gigi/ses4r_ws/install/lab01_pkg:/opt/ros/humble /usr/bin/cmake /home/ubuntu-gigi/ses4r_ws/src/turtlebot3_simulations/turtlebot3_simulations -DAMENT_CMAKE_SYMLINK_INSTALL=1 -DCMAKE_INSTALL_PREFIX=/home/ubuntu-gigi/ses4r_ws/install/turtlebot3_simulations
[13.809s] DEBUG:colcon.colcon_core.event_handler.log_command:Invoking command in '/home/ubuntu-gigi/ses4r_ws/build/turtlebot3_simulations': AMENT_PREFIX_PATH=/home/ubuntu-gigi/ses4r_ws/install/turtlebot3_fake_node:${AMENT_PREFIX_PATH} CMAKE_PREFIX_PATH=/home/ubuntu-gigi/ses4r_ws/install/turtlebot3_fake_node:/home/ubuntu-gigi/ses4r_ws/install/lab01_pkg:/opt/ros/humble /usr/bin/cmake --build /home/ubuntu-gigi/ses4r_ws/build/turtlebot3_simulations -- -j8 -l8
[13.850s] DEBUG:colcon.colcon_core.event_handler.log_command:Invoked command in '/home/ubuntu-gigi/ses4r_ws/build/turtlebot3_simulations' returned '0': AMENT_PREFIX_PATH=/home/ubuntu-gigi/ses4r_ws/install/turtlebot3_fake_node:${AMENT_PREFIX_PATH} CMAKE_PREFIX_PATH=/home/ubuntu-gigi/ses4r_ws/install/turtlebot3_fake_node:/home/ubuntu-gigi/ses4r_ws/install/lab01_pkg:/opt/ros/humble /usr/bin/cmake --build /home/ubuntu-gigi/ses4r_ws/build/turtlebot3_simulations -- -j8 -l8
[13.851s] DEBUG:colcon.colcon_core.event_handler.log_command:Invoking command in '/home/ubuntu-gigi/ses4r_ws/build/turtlebot3_simulations': AMENT_PREFIX_PATH=/home/ubuntu-gigi/ses4r_ws/install/turtlebot3_fake_node:${AMENT_PREFIX_PATH} CMAKE_PREFIX_PATH=/home/ubuntu-gigi/ses4r_ws/install/turtlebot3_fake_node:/home/ubuntu-gigi/ses4r_ws/install/lab01_pkg:/opt/ros/humble /usr/bin/cmake --install /home/ubuntu-gigi/ses4r_ws/build/turtlebot3_simulations
[14.071s] Level 1:colcon.colcon_core.environment:create_environment_scripts_only(turtlebot3_simulations)
[14.071s] Level 1:colcon.colcon_core.environment:checking '/home/ubuntu-gigi/ses4r_ws/install/turtlebot3_simulations' for CMake module files
[14.072s] DEBUG:colcon.colcon_core.event_handler.log_command:Invoked command in '/home/ubuntu-gigi/ses4r_ws/build/turtlebot3_simulations' returned '0': AMENT_PREFIX_PATH=/home/ubuntu-gigi/ses4r_ws/install/turtlebot3_fake_node:${AMENT_PREFIX_PATH} CMAKE_PREFIX_PATH=/home/ubuntu-gigi/ses4r_ws/install/turtlebot3_fake_node:/home/ubuntu-gigi/ses4r_ws/install/lab01_pkg:/opt/ros/humble /usr/bin/cmake --install /home/ubuntu-gigi/ses4r_ws/build/turtlebot3_simulations
[14.073s] Level 1:colcon.colcon_core.environment:checking '/home/ubuntu-gigi/ses4r_ws/install/turtlebot3_simulations' for CMake config files
[14.073s] Level 1:colcon.colcon_core.shell:create_environment_hook('turtlebot3_simulations', 'cmake_prefix_path')
[14.073s] INFO:colcon.colcon_core.shell:Creating environment hook '/home/ubuntu-gigi/ses4r_ws/install/turtlebot3_simulations/share/turtlebot3_simulations/hook/cmake_prefix_path.ps1'
[14.074s] INFO:colcon.colcon_core.shell:Creating environment descriptor '/home/ubuntu-gigi/ses4r_ws/install/turtlebot3_simulations/share/turtlebot3_simulations/hook/cmake_prefix_path.dsv'
[14.074s] INFO:colcon.colcon_core.shell:Creating environment hook '/home/ubuntu-gigi/ses4r_ws/install/turtlebot3_simulations/share/turtlebot3_simulations/hook/cmake_prefix_path.sh'
[14.075s] Level 1:colcon.colcon_core.environment:checking '/home/ubuntu-gigi/ses4r_ws/install/turtlebot3_simulations/bin'
[14.075s] Level 1:colcon.colcon_core.environment:checking '/home/ubuntu-gigi/ses4r_ws/install/turtlebot3_simulations/lib/pkgconfig/turtlebot3_simulations.pc'
[14.075s] Level 1:colcon.colcon_core.environment:checking '/home/ubuntu-gigi/ses4r_ws/install/turtlebot3_simulations/lib/python3.10/site-packages'
[14.075s] Level 1:colcon.colcon_core.environment:checking '/home/ubuntu-gigi/ses4r_ws/install/turtlebot3_simulations/bin'
[14.076s] INFO:colcon.colcon_core.shell:Creating package script '/home/ubuntu-gigi/ses4r_ws/install/turtlebot3_simulations/share/turtlebot3_simulations/package.ps1'
[14.076s] INFO:colcon.colcon_core.shell:Creating package descriptor '/home/ubuntu-gigi/ses4r_ws/install/turtlebot3_simulations/share/turtlebot3_simulations/package.dsv'
[14.077s] INFO:colcon.colcon_core.shell:Creating package script '/home/ubuntu-gigi/ses4r_ws/install/turtlebot3_simulations/share/turtlebot3_simulations/package.sh'
[14.077s] INFO:colcon.colcon_core.shell:Creating package script '/home/ubuntu-gigi/ses4r_ws/install/turtlebot3_simulations/share/turtlebot3_simulations/package.bash'
[14.077s] INFO:colcon.colcon_core.shell:Creating package script '/home/ubuntu-gigi/ses4r_ws/install/turtlebot3_simulations/share/turtlebot3_simulations/package.zsh'
[14.078s] Level 1:colcon.colcon_core.environment:create_file_with_runtime_dependencies(/home/ubuntu-gigi/ses4r_ws/install/turtlebot3_simulations/share/colcon-core/packages/turtlebot3_simulations)
[14.078s] Level 1:colcon.colcon_core.environment:create_environment_scripts_only(turtlebot3_simulations)
[14.079s] Level 1:colcon.colcon_core.environment:checking '/home/ubuntu-gigi/ses4r_ws/install/turtlebot3_simulations' for CMake module files
[14.079s] Level 1:colcon.colcon_core.environment:checking '/home/ubuntu-gigi/ses4r_ws/install/turtlebot3_simulations' for CMake config files
[14.080s] Level 1:colcon.colcon_core.shell:create_environment_hook('turtlebot3_simulations', 'cmake_prefix_path')
[14.080s] INFO:colcon.colcon_core.shell:Creating environment hook '/home/ubuntu-gigi/ses4r_ws/install/turtlebot3_simulations/share/turtlebot3_simulations/hook/cmake_prefix_path.ps1'
[14.081s] INFO:colcon.colcon_core.shell:Creating environment descriptor '/home/ubuntu-gigi/ses4r_ws/install/turtlebot3_simulations/share/turtlebot3_simulations/hook/cmake_prefix_path.dsv'
[14.081s] INFO:colcon.colcon_core.shell:Creating environment hook '/home/ubuntu-gigi/ses4r_ws/install/turtlebot3_simulations/share/turtlebot3_simulations/hook/cmake_prefix_path.sh'
[14.081s] Level 1:colcon.colcon_core.environment:checking '/home/ubuntu-gigi/ses4r_ws/install/turtlebot3_simulations/bin'
[14.082s] Level 1:colcon.colcon_core.environment:checking '/home/ubuntu-gigi/ses4r_ws/install/turtlebot3_simulations/lib/pkgconfig/turtlebot3_simulations.pc'
[14.082s] Level 1:colcon.colcon_core.environment:checking '/home/ubuntu-gigi/ses4r_ws/install/turtlebot3_simulations/lib/python3.10/site-packages'
[14.082s] Level 1:colcon.colcon_core.environment:checking '/home/ubuntu-gigi/ses4r_ws/install/turtlebot3_simulations/bin'
[14.083s] INFO:colcon.colcon_core.shell:Creating package script '/home/ubuntu-gigi/ses4r_ws/install/turtlebot3_simulations/share/turtlebot3_simulations/package.ps1'
[14.083s] INFO:colcon.colcon_core.shell:Creating package descriptor '/home/ubuntu-gigi/ses4r_ws/install/turtlebot3_simulations/share/turtlebot3_simulations/package.dsv'
[14.084s] INFO:colcon.colcon_core.shell:Creating package script '/home/ubuntu-gigi/ses4r_ws/install/turtlebot3_simulations/share/turtlebot3_simulations/package.sh'
[14.084s] INFO:colcon.colcon_core.shell:Creating package script '/home/ubuntu-gigi/ses4r_ws/install/turtlebot3_simulations/share/turtlebot3_simulations/package.bash'
[14.085s] INFO:colcon.colcon_core.shell:Creating package script '/home/ubuntu-gigi/ses4r_ws/install/turtlebot3_simulations/share/turtlebot3_simulations/package.zsh'
[14.085s] Level 1:colcon.colcon_core.environment:create_file_with_runtime_dependencies(/home/ubuntu-gigi/ses4r_ws/install/turtlebot3_simulations/share/colcon-core/packages/turtlebot3_simulations)
[18.245s] DEBUG:colcon.colcon_core.event_handler.log_command:Invoked command in '/home/ubuntu-gigi/ses4r_ws/build/turtlebot3_gazebo' returned '0': CMAKE_PREFIX_PATH=/home/ubuntu-gigi/ses4r_ws/install/lab01_pkg:/opt/ros/humble /usr/bin/cmake --build /home/ubuntu-gigi/ses4r_ws/build/turtlebot3_gazebo -- -j8 -l8
[18.247s] DEBUG:colcon.colcon_core.event_handler.log_command:Invoking command in '/home/ubuntu-gigi/ses4r_ws/build/turtlebot3_gazebo': CMAKE_PREFIX_PATH=/home/ubuntu-gigi/ses4r_ws/install/lab01_pkg:/opt/ros/humble /usr/bin/cmake --install /home/ubuntu-gigi/ses4r_ws/build/turtlebot3_gazebo
[19.070s] Level 1:colcon.colcon_core.environment:create_environment_scripts_only(turtlebot3_gazebo)
[19.070s] Level 1:colcon.colcon_core.environment:checking '/home/ubuntu-gigi/ses4r_ws/install/turtlebot3_gazebo' for CMake module files
[19.071s] DEBUG:colcon.colcon_core.event_handler.log_command:Invoked command in '/home/ubuntu-gigi/ses4r_ws/build/turtlebot3_gazebo' returned '0': CMAKE_PREFIX_PATH=/home/ubuntu-gigi/ses4r_ws/install/lab01_pkg:/opt/ros/humble /usr/bin/cmake --install /home/ubuntu-gigi/ses4r_ws/build/turtlebot3_gazebo
[19.071s] Level 1:colcon.colcon_core.environment:checking '/home/ubuntu-gigi/ses4r_ws/install/turtlebot3_gazebo' for CMake config files
[19.072s] Level 1:colcon.colcon_core.shell:create_environment_hook('turtlebot3_gazebo', 'cmake_prefix_path')
[19.072s] INFO:colcon.colcon_core.shell:Creating environment hook '/home/ubuntu-gigi/ses4r_ws/install/turtlebot3_gazebo/share/turtlebot3_gazebo/hook/cmake_prefix_path.ps1'
[19.073s] INFO:colcon.colcon_core.shell:Creating environment descriptor '/home/ubuntu-gigi/ses4r_ws/install/turtlebot3_gazebo/share/turtlebot3_gazebo/hook/cmake_prefix_path.dsv'
[19.073s] INFO:colcon.colcon_core.shell:Creating environment hook '/home/ubuntu-gigi/ses4r_ws/install/turtlebot3_gazebo/share/turtlebot3_gazebo/hook/cmake_prefix_path.sh'
[19.074s] Level 1:colcon.colcon_core.environment:checking '/home/ubuntu-gigi/ses4r_ws/install/turtlebot3_gazebo/lib'
[19.074s] Level 1:colcon.colcon_core.environment:checking '/home/ubuntu-gigi/ses4r_ws/install/turtlebot3_gazebo/bin'
[19.074s] Level 1:colcon.colcon_core.environment:checking '/home/ubuntu-gigi/ses4r_ws/install/turtlebot3_gazebo/lib/pkgconfig/turtlebot3_gazebo.pc'
[19.074s] Level 1:colcon.colcon_core.environment:checking '/home/ubuntu-gigi/ses4r_ws/install/turtlebot3_gazebo/lib/python3.10/site-packages'
[19.074s] Level 1:colcon.colcon_core.environment:checking '/home/ubuntu-gigi/ses4r_ws/install/turtlebot3_gazebo/bin'
[19.075s] INFO:colcon.colcon_core.shell:Creating package script '/home/ubuntu-gigi/ses4r_ws/install/turtlebot3_gazebo/share/turtlebot3_gazebo/package.ps1'
[19.075s] INFO:colcon.colcon_core.shell:Creating package descriptor '/home/ubuntu-gigi/ses4r_ws/install/turtlebot3_gazebo/share/turtlebot3_gazebo/package.dsv'
[19.075s] INFO:colcon.colcon_core.shell:Creating package script '/home/ubuntu-gigi/ses4r_ws/install/turtlebot3_gazebo/share/turtlebot3_gazebo/package.sh'
[19.076s] INFO:colcon.colcon_core.shell:Creating package script '/home/ubuntu-gigi/ses4r_ws/install/turtlebot3_gazebo/share/turtlebot3_gazebo/package.bash'
[19.076s] INFO:colcon.colcon_core.shell:Creating package script '/home/ubuntu-gigi/ses4r_ws/install/turtlebot3_gazebo/share/turtlebot3_gazebo/package.zsh'
[19.077s] Level 1:colcon.colcon_core.environment:create_file_with_runtime_dependencies(/home/ubuntu-gigi/ses4r_ws/install/turtlebot3_gazebo/share/colcon-core/packages/turtlebot3_gazebo)
[19.077s] Level 1:colcon.colcon_core.environment:create_environment_scripts_only(turtlebot3_gazebo)
[19.077s] Level 1:colcon.colcon_core.environment:checking '/home/ubuntu-gigi/ses4r_ws/install/turtlebot3_gazebo' for CMake module files
[19.078s] Level 1:colcon.colcon_core.environment:checking '/home/ubuntu-gigi/ses4r_ws/install/turtlebot3_gazebo' for CMake config files
[19.079s] Level 1:colcon.colcon_core.shell:create_environment_hook('turtlebot3_gazebo', 'cmake_prefix_path')
[19.079s] INFO:colcon.colcon_core.shell:Creating environment hook '/home/ubuntu-gigi/ses4r_ws/install/turtlebot3_gazebo/share/turtlebot3_gazebo/hook/cmake_prefix_path.ps1'
[19.079s] INFO:colcon.colcon_core.shell:Creating environment descriptor '/home/ubuntu-gigi/ses4r_ws/install/turtlebot3_gazebo/share/turtlebot3_gazebo/hook/cmake_prefix_path.dsv'
[19.079s] INFO:colcon.colcon_core.shell:Creating environment hook '/home/ubuntu-gigi/ses4r_ws/install/turtlebot3_gazebo/share/turtlebot3_gazebo/hook/cmake_prefix_path.sh'
[19.080s] Level 1:colcon.colcon_core.environment:checking '/home/ubuntu-gigi/ses4r_ws/install/turtlebot3_gazebo/lib'
[19.080s] Level 1:colcon.colcon_core.environment:checking '/home/ubuntu-gigi/ses4r_ws/install/turtlebot3_gazebo/bin'
[19.080s] Level 1:colcon.colcon_core.environment:checking '/home/ubuntu-gigi/ses4r_ws/install/turtlebot3_gazebo/lib/pkgconfig/turtlebot3_gazebo.pc'
[19.080s] Level 1:colcon.colcon_core.environment:checking '/home/ubuntu-gigi/ses4r_ws/install/turtlebot3_gazebo/lib/python3.10/site-packages'
[19.081s] Level 1:colcon.colcon_core.environment:checking '/home/ubuntu-gigi/ses4r_ws/install/turtlebot3_gazebo/bin'
[19.081s] INFO:colcon.colcon_core.shell:Creating package script '/home/ubuntu-gigi/ses4r_ws/install/turtlebot3_gazebo/share/turtlebot3_gazebo/package.ps1'
[19.082s] INFO:colcon.colcon_core.shell:Creating package descriptor '/home/ubuntu-gigi/ses4r_ws/install/turtlebot3_gazebo/share/turtlebot3_gazebo/package.dsv'
[19.083s] INFO:colcon.colcon_core.shell:Creating package script '/home/ubuntu-gigi/ses4r_ws/install/turtlebot3_gazebo/share/turtlebot3_gazebo/package.sh'
[19.083s] INFO:colcon.colcon_core.shell:Creating package script '/home/ubuntu-gigi/ses4r_ws/install/turtlebot3_gazebo/share/turtlebot3_gazebo/package.bash'
[19.084s] INFO:colcon.colcon_core.shell:Creating package script '/home/ubuntu-gigi/ses4r_ws/install/turtlebot3_gazebo/share/turtlebot3_gazebo/package.zsh'
[19.084s] Level 1:colcon.colcon_core.environment:create_file_with_runtime_dependencies(/home/ubuntu-gigi/ses4r_ws/install/turtlebot3_gazebo/share/colcon-core/packages/turtlebot3_gazebo)
[19.084s] DEBUG:colcon.colcon_parallel_executor.executor.parallel:closing loop
[19.085s] DEBUG:colcon.colcon_parallel_executor.executor.parallel:loop closed
[19.085s] DEBUG:colcon.colcon_parallel_executor.executor.parallel:run_until_complete finished with '0'
[19.085s] DEBUG:colcon.colcon_core.event_reactor:joining thread
[19.092s] INFO:colcon.colcon_core.plugin_system:Skipping extension 'colcon_notification.desktop_notification.terminal_notifier': Not used on non-Darwin systems
[19.092s] INFO:colcon.colcon_core.plugin_system:Skipping extension 'colcon_notification.desktop_notification.win32': Not used on non-Windows systems
[19.092s] INFO:colcon.colcon_notification.desktop_notification:Sending desktop notification using 'notify2'
[19.106s] DEBUG:colcon.colcon_core.event_reactor:joined thread
[19.107s] INFO:colcon.colcon_core.shell:Creating prefix script '/home/ubuntu-gigi/ses4r_ws/install/local_setup.ps1'
[19.108s] INFO:colcon.colcon_core.shell:Creating prefix util module '/home/ubuntu-gigi/ses4r_ws/install/_local_setup_util_ps1.py'
[19.110s] INFO:colcon.colcon_core.shell:Creating prefix chain script '/home/ubuntu-gigi/ses4r_ws/install/setup.ps1'
[19.111s] INFO:colcon.colcon_core.shell:Creating prefix script '/home/ubuntu-gigi/ses4r_ws/install/local_setup.sh'
[19.112s] INFO:colcon.colcon_core.shell:Creating prefix util module '/home/ubuntu-gigi/ses4r_ws/install/_local_setup_util_sh.py'
[19.113s] INFO:colcon.colcon_core.shell:Creating prefix chain script '/home/ubuntu-gigi/ses4r_ws/install/setup.sh'
[19.114s] INFO:colcon.colcon_core.shell:Creating prefix script '/home/ubuntu-gigi/ses4r_ws/install/local_setup.bash'
[19.115s] INFO:colcon.colcon_core.shell:Creating prefix chain script '/home/ubuntu-gigi/ses4r_ws/install/setup.bash'
[19.116s] INFO:colcon.colcon_core.shell:Creating prefix script '/home/ubuntu-gigi/ses4r_ws/install/local_setup.zsh'
[19.117s] INFO:colcon.colcon_core.shell:Creating prefix chain script '/home/ubuntu-gigi/ses4r_ws/install/setup.zsh'
