[0.261s] Invoking command in '/home/ubuntu-gigi/ses4r_ws/build/turtlebot3_gazebo': CMAKE_PREFIX_PATH=/home/ubuntu-gigi/ses4r_ws/install/lab01_pkg:/opt/ros/humble /usr/bin/cmake /home/ubuntu-gigi/ses4r_ws/src/turtlebot3_simulations/turtlebot3_gazebo -DAMENT_CMAKE_SYMLINK_INSTALL=1 -DCMAKE_INSTALL_PREFIX=/home/ubuntu-gigi/ses4r_ws/install/turtlebot3_gazebo
[0.310s] -- The C compiler identification is GNU 11.4.0
[0.369s] -- The CXX compiler identification is GNU 11.4.0
[0.375s] -- Detecting C compiler ABI info
[0.438s] -- Detecting C compiler ABI info - done
[0.447s] -- Check for working C compiler: /usr/bin/cc - skipped
[0.447s] -- Detecting C compile features
[0.448s] -- Detecting C compile features - done
[0.452s] -- Detecting CXX compiler ABI info
[0.530s] -- Detecting CXX compiler ABI info - done
[0.540s] -- Check for working CXX compiler: /usr/bin/c++ - skipped
[0.541s] -- Detecting CXX compile features
[0.541s] -- Detecting CXX compile features - done
[0.544s] -- Found ament_cmake: 1.3.12 (/opt/ros/humble/share/ament_cmake/cmake)
[0.692s] -- Found Python3: /usr/bin/python3 (found version "3.10.12") found components: Interpreter 
[0.750s] -- Override CMake install command with custom implementation using symlinks instead of copying resources
[0.791s] [33mCMake Warning (dev) at /usr/share/cmake-3.22/Modules/FindPackageHandleStandardArgs.cmake:438 (message):
[0.791s]   The package name passed to `find_package_handle_standard_args` (PkgConfig)
[0.791s]   does not match the name of the calling package (gazebo).  This can lead to
[0.791s]   problems in calling code that expects `find_package` result variables
[0.791s]   (e.g., `_FOUND`) to follow a certain pattern.
[0.791s] Call Stack (most recent call first):
[0.791s]   /usr/share/cmake-3.22/Modules/FindPkgConfig.cmake:99 (find_package_handle_standard_args)
[0.791s]   /usr/lib/x86_64-linux-gnu/cmake/gazebo/gazebo-config.cmake:72 (include)
[0.791s]   CMakeLists.txt:23 (find_package)
[0.792s] This warning is for project developers.  Use -Wno-dev to suppress it.
[0.792s] [0m
[0.792s] -- Found PkgConfig: /usr/bin/pkg-config (found version "0.29.2") 
[0.796s] -- Checking for module 'bullet>=2.82'
[0.808s] --   Found bullet, version 3.05
[0.911s] -- Found fcl: /usr/include (found suitable version "0.7.0", minimum required is "0.5.0") 
[0.960s] -- Found assimp: /usr/include (found version "5.2.0") 
[0.981s] -- Found DART: /usr/include (Required is at least version "6.6") found components: dart 
[1.168s] -- Found Boost: /usr/lib/x86_64-linux-gnu/cmake/Boost-1.74.0/BoostConfig.cmake (found suitable version "1.74.0", minimum required is "1.40.0") found components: thread system filesystem program_options regex iostreams date_time 
[1.187s] -- Found Protobuf: /usr/lib/x86_64-linux-gnu/libprotobuf.so (found version "3.12.4") 
[1.192s] -- Looking for ignition-math6 -- found version 6.15.1
[1.197s] -- Searching for dependencies of ignition-math6
[1.198s] -- Looking for OGRE...
[1.198s] -- OGRE_PREFIX_WATCH changed.
[1.203s] -- Checking for module 'OGRE'
[1.215s] --   Found OGRE, version 1.9.0
[1.245s] -- Found Ogre Ghadamon (1.9.0)
[1.257s] -- Found OGRE: optimized;/usr/lib/x86_64-linux-gnu/libOgreMain.so;debug;/usr/lib/x86_64-linux-gnu/libOgreMain.so
[1.266s] -- Looking for OGRE_Paging...
[1.273s] -- Found OGRE_Paging: optimized;/usr/lib/x86_64-linux-gnu/libOgrePaging.so;debug;/usr/lib/x86_64-linux-gnu/libOgrePaging.so
[1.273s] -- Looking for OGRE_Terrain...
[1.277s] -- Found OGRE_Terrain: optimized;/usr/lib/x86_64-linux-gnu/libOgreTerrain.so;debug;/usr/lib/x86_64-linux-gnu/libOgreTerrain.so
[1.278s] -- Looking for OGRE_Property...
[1.282s] -- Found OGRE_Property: optimized;/usr/lib/x86_64-linux-gnu/libOgreProperty.so;debug;/usr/lib/x86_64-linux-gnu/libOgreProperty.so
[1.282s] -- Looking for OGRE_RTShaderSystem...
[1.286s] -- Found OGRE_RTShaderSystem: optimized;/usr/lib/x86_64-linux-gnu/libOgreRTShaderSystem.so;debug;/usr/lib/x86_64-linux-gnu/libOgreRTShaderSystem.so
[1.286s] -- Looking for OGRE_Volume...
[1.290s] -- Found OGRE_Volume: optimized;/usr/lib/x86_64-linux-gnu/libOgreVolume.so;debug;/usr/lib/x86_64-linux-gnu/libOgreVolume.so
[1.290s] -- Looking for OGRE_Overlay...
[1.294s] -- Found OGRE_Overlay: optimized;/usr/lib/x86_64-linux-gnu/libOgreOverlay.so;debug;/usr/lib/x86_64-linux-gnu/libOgreOverlay.so
[1.397s] -- Looking for ignition-math6 -- found version 6.15.1
[1.399s] -- Looking for ignition-transport8 -- found version 8.2.1
[1.400s] -- Searching for dependencies of ignition-transport8
[1.416s] -- Found Protobuf: /usr/lib/x86_64-linux-gnu/libprotobuf.so (found suitable version "3.12.4", minimum required is "3") 
[1.425s] -- Config-file not installed for ZeroMQ -- checking for pkg-config
[1.429s] -- Checking for module 'libzmq >= 4'
[1.439s] --   Found libzmq , version 4.3.4
[1.471s] -- Found ZeroMQ: TRUE (Required is at least version "4") 
[1.476s] -- Checking for module 'uuid'
[1.486s] --   Found uuid, version 2.37.2
[1.511s] -- Found UUID: TRUE  
[1.513s] -- Looking for ignition-msgs5 -- found version 5.8.1
[1.514s] -- Searching for dependencies of ignition-msgs5
[1.533s] -- Looking for ignition-math6 -- found version 6.15.1
[1.538s] -- Checking for module 'tinyxml2'
[1.549s] --   Found tinyxml2, version 9.0.0
[1.575s] -- Looking for ignition-msgs5 -- found version 5.8.1
[1.577s] -- Looking for ignition-common3 -- found version 3.14.0
[1.577s] -- Searching for dependencies of ignition-common3
[1.577s] -- Looking for dlfcn.h - found
[1.579s] -- Looking for libdl - found
[1.580s] -- Found DL: TRUE  
[1.591s] -- Found tinyobjloader: /usr/lib/x86_64-linux-gnu/cmake/tinyobjloader/tinyobjloader-config.cmake (found version "2.0.0") 
[1.591s] -- Searching for <ignition-common3> component [graphics]
[1.593s] -- Looking for ignition-common3-graphics -- found version 3.14.0
[1.594s] -- Searching for dependencies of ignition-common3-graphics
[1.594s] -- Looking for ignition-math6 -- found version 6.15.1
[1.596s] -- Looking for ignition-fuel_tools4 -- found version 4.4.0
[1.597s] -- Searching for dependencies of ignition-fuel_tools4
[1.676s] -- Found CURL: /usr/lib/x86_64-linux-gnu/libcurl.so (found version "7.81.0")  
[1.684s] -- Checking for module 'jsoncpp'
[1.699s] --   Found jsoncpp, version 1.9.5
[1.743s] -- Found JSONCPP: TRUE  
[1.750s] -- Checking for module 'libzip'
[1.761s] --   Found libzip, version 1.7.3
[1.788s] -- Found ZIP: TRUE  
[1.788s] -- Looking for ignition-common3 -- found version 3.14.0
[1.788s] -- Looking for ignition-math6 -- found version 6.15.1
[1.789s] -- Looking for ignition-msgs5 -- found version 5.8.1
[1.793s] -- Found gazebo_ros_pkgs: 3.9.0 (/opt/ros/humble/share/gazebo_ros_pkgs/cmake)
[1.794s] -- Found geometry_msgs: 4.9.0 (/opt/ros/humble/share/geometry_msgs/cmake)
[1.821s] -- Found rosidl_generator_c: 3.1.7 (/opt/ros/humble/share/rosidl_generator_c/cmake)
[1.826s] -- Found rosidl_adapter: 3.1.7 (/opt/ros/humble/share/rosidl_adapter/cmake)
[1.833s] -- Found rosidl_generator_cpp: 3.1.7 (/opt/ros/humble/share/rosidl_generator_cpp/cmake)
[1.844s] -- Using all available rosidl_typesupport_c: rosidl_typesupport_fastrtps_c;rosidl_typesupport_introspection_c
[1.859s] -- Using all available rosidl_typesupport_cpp: rosidl_typesupport_fastrtps_cpp;rosidl_typesupport_introspection_cpp
[1.896s] -- Found nav_msgs: 4.9.0 (/opt/ros/humble/share/nav_msgs/cmake)
[1.914s] -- Found rclcpp: 16.0.15 (/opt/ros/humble/share/rclcpp/cmake)
[1.948s] -- Found rmw_implementation_cmake: 6.1.2 (/opt/ros/humble/share/rmw_implementation_cmake/cmake)
[1.950s] -- Found rmw_fastrtps_cpp: 6.2.8 (/opt/ros/humble/share/rmw_fastrtps_cpp/cmake)
[2.024s] -- Found OpenSSL: /usr/lib/x86_64-linux-gnu/libcrypto.so (found version "3.0.2")  
[2.047s] -- Found FastRTPS: /opt/ros/humble/include  
[2.084s] -- Using RMW implementation 'rmw_fastrtps_cpp' as default
[2.092s] -- Found Threads: TRUE  
[2.130s] -- Found sensor_msgs: 4.9.0 (/opt/ros/humble/share/sensor_msgs/cmake)
[2.150s] -- Found tf2: 0.25.16 (/opt/ros/humble/share/tf2/cmake)
[2.229s] -- Configuring done
[2.264s] -- Generating done
[2.271s] -- Build files have been written to: /home/ubuntu-gigi/ses4r_ws/build/turtlebot3_gazebo
[2.283s] Invoked command in '/home/ubuntu-gigi/ses4r_ws/build/turtlebot3_gazebo' returned '0': CMAKE_PREFIX_PATH=/home/ubuntu-gigi/ses4r_ws/install/lab01_pkg:/opt/ros/humble /usr/bin/cmake /home/ubuntu-gigi/ses4r_ws/src/turtlebot3_simulations/turtlebot3_gazebo -DAMENT_CMAKE_SYMLINK_INSTALL=1 -DCMAKE_INSTALL_PREFIX=/home/ubuntu-gigi/ses4r_ws/install/turtlebot3_gazebo
[2.285s] Invoking command in '/home/ubuntu-gigi/ses4r_ws/build/turtlebot3_gazebo': CMAKE_PREFIX_PATH=/home/ubuntu-gigi/ses4r_ws/install/lab01_pkg:/opt/ros/humble /usr/bin/cmake --build /home/ubuntu-gigi/ses4r_ws/build/turtlebot3_gazebo -- -j8 -l8
[2.336s] [ 25%] [32mBuilding CXX object CMakeFiles/turtlebot3_drive.dir/src/turtlebot3_drive.cpp.o[0m
[2.336s] [ 25%] [32mBuilding CXX object CMakeFiles/obstacle1.dir/models/turtlebot3_dqn_world/obstacle_plugin/obstacle1.cc.o[0m
[2.337s] [ 37%] [32mBuilding CXX object CMakeFiles/obstacles.dir/models/turtlebot3_dqn_world/obstacle_plugin/obstacles.cc.o[0m
[2.338s] [ 50%] [32mBuilding CXX object CMakeFiles/obstacle2.dir/models/turtlebot3_dqn_world/obstacle_plugin/obstacle2.cc.o[0m
[14.953s] [ 62%] [32m[1mLinking CXX shared library libobstacle2.so[0m
[15.173s] [ 75%] [32m[1mLinking CXX executable turtlebot3_drive[0m
[15.284s] [ 75%] Built target obstacle2
[15.848s] [ 75%] Built target turtlebot3_drive
[17.604s] [ 87%] [32m[1mLinking CXX shared library libobstacle1.so[0m
[17.626s] [100%] [32m[1mLinking CXX shared library libobstacles.so[0m
[17.850s] [100%] Built target obstacle1
[17.876s] [100%] Built target obstacles
[17.887s] Invoked command in '/home/ubuntu-gigi/ses4r_ws/build/turtlebot3_gazebo' returned '0': CMAKE_PREFIX_PATH=/home/ubuntu-gigi/ses4r_ws/install/lab01_pkg:/opt/ros/humble /usr/bin/cmake --build /home/ubuntu-gigi/ses4r_ws/build/turtlebot3_gazebo -- -j8 -l8
[17.889s] Invoking command in '/home/ubuntu-gigi/ses4r_ws/build/turtlebot3_gazebo': CMAKE_PREFIX_PATH=/home/ubuntu-gigi/ses4r_ws/install/lab01_pkg:/opt/ros/humble /usr/bin/cmake --install /home/ubuntu-gigi/ses4r_ws/build/turtlebot3_gazebo
[17.896s] -- Install configuration: ""
[17.896s] -- Execute custom install script
[17.897s] -- Symlinking: /home/ubuntu-gigi/ses4r_ws/install/turtlebot3_gazebo/lib/turtlebot3_gazebo/turtlebot3_drive
[17.906s] -- Symlinking: /home/ubuntu-gigi/ses4r_ws/install/turtlebot3_gazebo/share/turtlebot3_gazebo//launch/empty_world.launch.py
[17.915s] -- Symlinking: /home/ubuntu-gigi/ses4r_ws/install/turtlebot3_gazebo/share/turtlebot3_gazebo//launch/lab02.launch.py
[17.924s] -- Symlinking: /home/ubuntu-gigi/ses4r_ws/install/turtlebot3_gazebo/share/turtlebot3_gazebo//launch/lab04.launch.py
[17.932s] -- Symlinking: /home/ubuntu-gigi/ses4r_ws/install/turtlebot3_gazebo/share/turtlebot3_gazebo//launch/project.launch.py
[17.941s] -- Symlinking: /home/ubuntu-gigi/ses4r_ws/install/turtlebot3_gazebo/share/turtlebot3_gazebo//launch/robot_state_publisher.launch.py
[17.950s] -- Symlinking: /home/ubuntu-gigi/ses4r_ws/install/turtlebot3_gazebo/share/turtlebot3_gazebo//launch/spawn_turtlebot3.launch.py
[17.960s] -- Symlinking: /home/ubuntu-gigi/ses4r_ws/install/turtlebot3_gazebo/share/turtlebot3_gazebo//launch/turtlebot3_dqn_stage1.launch.py
[17.970s] -- Symlinking: /home/ubuntu-gigi/ses4r_ws/install/turtlebot3_gazebo/share/turtlebot3_gazebo//launch/turtlebot3_dqn_stage2.launch.py
[17.979s] -- Symlinking: /home/ubuntu-gigi/ses4r_ws/install/turtlebot3_gazebo/share/turtlebot3_gazebo//launch/turtlebot3_dqn_stage3.launch.py
[17.990s] -- Symlinking: /home/ubuntu-gigi/ses4r_ws/install/turtlebot3_gazebo/share/turtlebot3_gazebo//launch/turtlebot3_dqn_stage4.launch.py
[18.000s] -- Symlinking: /home/ubuntu-gigi/ses4r_ws/install/turtlebot3_gazebo/share/turtlebot3_gazebo//launch/turtlebot3_house.launch.py
[18.009s] -- Symlinking: /home/ubuntu-gigi/ses4r_ws/install/turtlebot3_gazebo/share/turtlebot3_gazebo//launch/turtlebot3_world.launch.py
[18.019s] -- Symlinking: /home/ubuntu-gigi/ses4r_ws/install/turtlebot3_gazebo/share/turtlebot3_gazebo//models/turtlebot3_burger/model-1_4.sdf
[18.028s] -- Symlinking: /home/ubuntu-gigi/ses4r_ws/install/turtlebot3_gazebo/share/turtlebot3_gazebo//models/turtlebot3_burger/model.config
[18.037s] -- Symlinking: /home/ubuntu-gigi/ses4r_ws/install/turtlebot3_gazebo/share/turtlebot3_gazebo//models/turtlebot3_burger/model.sdf
[18.045s] -- Symlinking: /home/ubuntu-gigi/ses4r_ws/install/turtlebot3_gazebo/share/turtlebot3_gazebo//models/turtlebot3_common/meshes/burger_base.dae
[18.054s] -- Symlinking: /home/ubuntu-gigi/ses4r_ws/install/turtlebot3_gazebo/share/turtlebot3_gazebo//models/turtlebot3_common/meshes/lds.dae
[18.062s] -- Symlinking: /home/ubuntu-gigi/ses4r_ws/install/turtlebot3_gazebo/share/turtlebot3_gazebo//models/turtlebot3_common/meshes/r200.dae
[18.070s] -- Symlinking: /home/ubuntu-gigi/ses4r_ws/install/turtlebot3_gazebo/share/turtlebot3_gazebo//models/turtlebot3_common/meshes/tire.dae
[18.078s] -- Symlinking: /home/ubuntu-gigi/ses4r_ws/install/turtlebot3_gazebo/share/turtlebot3_gazebo//models/turtlebot3_common/meshes/waffle_base.dae
[18.088s] -- Symlinking: /home/ubuntu-gigi/ses4r_ws/install/turtlebot3_gazebo/share/turtlebot3_gazebo//models/turtlebot3_common/meshes/waffle_pi_base.dae
[18.098s] -- Symlinking: /home/ubuntu-gigi/ses4r_ws/install/turtlebot3_gazebo/share/turtlebot3_gazebo//models/turtlebot3_common/model.config
[18.109s] -- Symlinking: /home/ubuntu-gigi/ses4r_ws/install/turtlebot3_gazebo/share/turtlebot3_gazebo//models/turtlebot3_dqn_world/goal_box/model.config
[18.119s] -- Symlinking: /home/ubuntu-gigi/ses4r_ws/install/turtlebot3_gazebo/share/turtlebot3_gazebo//models/turtlebot3_dqn_world/goal_box/model.sdf
[18.128s] -- Symlinking: /home/ubuntu-gigi/ses4r_ws/install/turtlebot3_gazebo/share/turtlebot3_gazebo//models/turtlebot3_dqn_world/inner_walls/model.config
[18.141s] -- Symlinking: /home/ubuntu-gigi/ses4r_ws/install/turtlebot3_gazebo/share/turtlebot3_gazebo//models/turtlebot3_dqn_world/inner_walls/model.sdf
[18.151s] -- Symlinking: /home/ubuntu-gigi/ses4r_ws/install/turtlebot3_gazebo/share/turtlebot3_gazebo//models/turtlebot3_dqn_world/model.config
[18.160s] -- Symlinking: /home/ubuntu-gigi/ses4r_ws/install/turtlebot3_gazebo/share/turtlebot3_gazebo//models/turtlebot3_dqn_world/model.sdf
[18.169s] -- Symlinking: /home/ubuntu-gigi/ses4r_ws/install/turtlebot3_gazebo/share/turtlebot3_gazebo//models/turtlebot3_dqn_world/obstacle1/model.config
[18.176s] -- Symlinking: /home/ubuntu-gigi/ses4r_ws/install/turtlebot3_gazebo/share/turtlebot3_gazebo//models/turtlebot3_dqn_world/obstacle1/model.sdf
[18.184s] -- Symlinking: /home/ubuntu-gigi/ses4r_ws/install/turtlebot3_gazebo/share/turtlebot3_gazebo//models/turtlebot3_dqn_world/obstacle2/model.config
[18.194s] -- Symlinking: /home/ubuntu-gigi/ses4r_ws/install/turtlebot3_gazebo/share/turtlebot3_gazebo//models/turtlebot3_dqn_world/obstacle2/model.sdf
[18.203s] -- Symlinking: /home/ubuntu-gigi/ses4r_ws/install/turtlebot3_gazebo/share/turtlebot3_gazebo//models/turtlebot3_dqn_world/obstacle_plugin/CMakeLists.txt
[18.212s] -- Symlinking: /home/ubuntu-gigi/ses4r_ws/install/turtlebot3_gazebo/share/turtlebot3_gazebo//models/turtlebot3_dqn_world/obstacle_plugin/obstacle1.cc
[18.220s] -- Symlinking: /home/ubuntu-gigi/ses4r_ws/install/turtlebot3_gazebo/share/turtlebot3_gazebo//models/turtlebot3_dqn_world/obstacle_plugin/obstacle2.cc
[18.229s] -- Symlinking: /home/ubuntu-gigi/ses4r_ws/install/turtlebot3_gazebo/share/turtlebot3_gazebo//models/turtlebot3_dqn_world/obstacle_plugin/obstacles.cc
[18.238s] -- Symlinking: /home/ubuntu-gigi/ses4r_ws/install/turtlebot3_gazebo/share/turtlebot3_gazebo//models/turtlebot3_dqn_world/obstacles/model.config
[18.246s] -- Symlinking: /home/ubuntu-gigi/ses4r_ws/install/turtlebot3_gazebo/share/turtlebot3_gazebo//models/turtlebot3_dqn_world/obstacles/model.sdf
[18.256s] -- Symlinking: /home/ubuntu-gigi/ses4r_ws/install/turtlebot3_gazebo/share/turtlebot3_gazebo//models/turtlebot3_house/model.config
[18.265s] -- Symlinking: /home/ubuntu-gigi/ses4r_ws/install/turtlebot3_gazebo/share/turtlebot3_gazebo//models/turtlebot3_house/model.sdf
[18.274s] -- Symlinking: /home/ubuntu-gigi/ses4r_ws/install/turtlebot3_gazebo/share/turtlebot3_gazebo//models/turtlebot3_waffle/model-1_4.sdf
[18.285s] -- Symlinking: /home/ubuntu-gigi/ses4r_ws/install/turtlebot3_gazebo/share/turtlebot3_gazebo//models/turtlebot3_waffle/model.config
[18.295s] -- Symlinking: /home/ubuntu-gigi/ses4r_ws/install/turtlebot3_gazebo/share/turtlebot3_gazebo//models/turtlebot3_waffle/model.sdf
[18.305s] -- Symlinking: /home/ubuntu-gigi/ses4r_ws/install/turtlebot3_gazebo/share/turtlebot3_gazebo//models/turtlebot3_waffle_pi/model-1_4_.sdf
[18.315s] -- Symlinking: /home/ubuntu-gigi/ses4r_ws/install/turtlebot3_gazebo/share/turtlebot3_gazebo//models/turtlebot3_waffle_pi/model.config
[18.324s] -- Symlinking: /home/ubuntu-gigi/ses4r_ws/install/turtlebot3_gazebo/share/turtlebot3_gazebo//models/turtlebot3_waffle_pi/model.sdf
[18.334s] -- Symlinking: /home/ubuntu-gigi/ses4r_ws/install/turtlebot3_gazebo/share/turtlebot3_gazebo//models/turtlebot3_world/meshes/hexagon.dae
[18.343s] -- Symlinking: /home/ubuntu-gigi/ses4r_ws/install/turtlebot3_gazebo/share/turtlebot3_gazebo//models/turtlebot3_world/meshes/wall.dae
[18.352s] -- Symlinking: /home/ubuntu-gigi/ses4r_ws/install/turtlebot3_gazebo/share/turtlebot3_gazebo//models/turtlebot3_world/model-1_4.sdf
[18.362s] -- Symlinking: /home/ubuntu-gigi/ses4r_ws/install/turtlebot3_gazebo/share/turtlebot3_gazebo//models/turtlebot3_world/model.config
[18.372s] -- Symlinking: /home/ubuntu-gigi/ses4r_ws/install/turtlebot3_gazebo/share/turtlebot3_gazebo//models/turtlebot3_world/model.sdf
[18.381s] -- Symlinking: /home/ubuntu-gigi/ses4r_ws/install/turtlebot3_gazebo/share/turtlebot3_gazebo//rviz/tb3_gazebo.rviz
[18.394s] -- Symlinking: /home/ubuntu-gigi/ses4r_ws/install/turtlebot3_gazebo/share/turtlebot3_gazebo//urdf/common_properties.urdf
[18.405s] -- Symlinking: /home/ubuntu-gigi/ses4r_ws/install/turtlebot3_gazebo/share/turtlebot3_gazebo//urdf/turtlebot3_burger.urdf
[18.414s] -- Symlinking: /home/ubuntu-gigi/ses4r_ws/install/turtlebot3_gazebo/share/turtlebot3_gazebo//urdf/turtlebot3_waffle.urdf
[18.424s] -- Symlinking: /home/ubuntu-gigi/ses4r_ws/install/turtlebot3_gazebo/share/turtlebot3_gazebo//urdf/turtlebot3_waffle_pi.urdf
[18.434s] -- Symlinking: /home/ubuntu-gigi/ses4r_ws/install/turtlebot3_gazebo/share/turtlebot3_gazebo//worlds/empty_world.world
[18.443s] -- Symlinking: /home/ubuntu-gigi/ses4r_ws/install/turtlebot3_gazebo/share/turtlebot3_gazebo//worlds/hard_maze.world
[18.452s] -- Symlinking: /home/ubuntu-gigi/ses4r_ws/install/turtlebot3_gazebo/share/turtlebot3_gazebo//worlds/maze.world
[18.462s] -- Symlinking: /home/ubuntu-gigi/ses4r_ws/install/turtlebot3_gazebo/share/turtlebot3_gazebo//worlds/turtlebot3_dqn_stage1.world
[18.471s] -- Symlinking: /home/ubuntu-gigi/ses4r_ws/install/turtlebot3_gazebo/share/turtlebot3_gazebo//worlds/turtlebot3_dqn_stage2.world
[18.480s] -- Symlinking: /home/ubuntu-gigi/ses4r_ws/install/turtlebot3_gazebo/share/turtlebot3_gazebo//worlds/turtlebot3_dqn_stage3.world
[18.491s] -- Symlinking: /home/ubuntu-gigi/ses4r_ws/install/turtlebot3_gazebo/share/turtlebot3_gazebo//worlds/turtlebot3_dqn_stage4.world
[18.501s] -- Symlinking: /home/ubuntu-gigi/ses4r_ws/install/turtlebot3_gazebo/share/turtlebot3_gazebo//worlds/turtlebot3_house.world
[18.511s] -- Symlinking: /home/ubuntu-gigi/ses4r_ws/install/turtlebot3_gazebo/share/turtlebot3_gazebo//worlds/turtlebot3_world.world
[18.520s] -- Symlinking: /home/ubuntu-gigi/ses4r_ws/install/turtlebot3_gazebo/include//turtlebot3_gazebo/turtlebot3_drive.hpp
[18.530s] -- Symlinking: /home/ubuntu-gigi/ses4r_ws/install/turtlebot3_gazebo/share/turtlebot3_gazebo/environment/turtlebot3_gazebo.dsv
[18.540s] -- Symlinking: /home/ubuntu-gigi/ses4r_ws/install/turtlebot3_gazebo/share/ament_index/resource_index/package_run_dependencies/turtlebot3_gazebo
[18.550s] -- Symlinking: /home/ubuntu-gigi/ses4r_ws/install/turtlebot3_gazebo/share/ament_index/resource_index/parent_prefix_path/turtlebot3_gazebo
[18.560s] -- Symlinking: /home/ubuntu-gigi/ses4r_ws/install/turtlebot3_gazebo/share/turtlebot3_gazebo/environment/ament_prefix_path.sh
[18.569s] -- Symlinking: /home/ubuntu-gigi/ses4r_ws/install/turtlebot3_gazebo/share/turtlebot3_gazebo/environment/ament_prefix_path.dsv
[18.579s] -- Symlinking: /home/ubuntu-gigi/ses4r_ws/install/turtlebot3_gazebo/share/turtlebot3_gazebo/environment/path.sh
[18.589s] -- Symlinking: /home/ubuntu-gigi/ses4r_ws/install/turtlebot3_gazebo/share/turtlebot3_gazebo/environment/path.dsv
[18.600s] -- Symlinking: /home/ubuntu-gigi/ses4r_ws/install/turtlebot3_gazebo/share/turtlebot3_gazebo/local_setup.bash
[18.610s] -- Symlinking: /home/ubuntu-gigi/ses4r_ws/install/turtlebot3_gazebo/share/turtlebot3_gazebo/local_setup.sh
[18.619s] -- Symlinking: /home/ubuntu-gigi/ses4r_ws/install/turtlebot3_gazebo/share/turtlebot3_gazebo/local_setup.zsh
[18.629s] -- Symlinking: /home/ubuntu-gigi/ses4r_ws/install/turtlebot3_gazebo/share/turtlebot3_gazebo/local_setup.dsv
[18.640s] -- Symlinking: /home/ubuntu-gigi/ses4r_ws/install/turtlebot3_gazebo/share/turtlebot3_gazebo/package.dsv
[18.650s] -- Symlinking: /home/ubuntu-gigi/ses4r_ws/install/turtlebot3_gazebo/share/ament_index/resource_index/packages/turtlebot3_gazebo
[18.659s] -- Symlinking: /home/ubuntu-gigi/ses4r_ws/install/turtlebot3_gazebo/share/turtlebot3_gazebo/cmake/ament_cmake_export_include_directories-extras.cmake
[18.669s] -- Symlinking: /home/ubuntu-gigi/ses4r_ws/install/turtlebot3_gazebo/share/turtlebot3_gazebo/cmake/ament_cmake_export_dependencies-extras.cmake
[18.679s] -- Symlinking: /home/ubuntu-gigi/ses4r_ws/install/turtlebot3_gazebo/share/turtlebot3_gazebo/cmake/turtlebot3_gazeboConfig.cmake
[18.690s] -- Symlinking: /home/ubuntu-gigi/ses4r_ws/install/turtlebot3_gazebo/share/turtlebot3_gazebo/cmake/turtlebot3_gazeboConfig-version.cmake
[18.701s] -- Symlinking: /home/ubuntu-gigi/ses4r_ws/install/turtlebot3_gazebo/share/turtlebot3_gazebo/package.xml
[18.713s] Invoked command in '/home/ubuntu-gigi/ses4r_ws/build/turtlebot3_gazebo' returned '0': CMAKE_PREFIX_PATH=/home/ubuntu-gigi/ses4r_ws/install/lab01_pkg:/opt/ros/humble /usr/bin/cmake --install /home/ubuntu-gigi/ses4r_ws/build/turtlebot3_gazebo
