[0.010s] Invoking command in '/home/ubuntu-gigi/ses4r_ws/build/turtlebot3_simulations': AMENT_PREFIX_PATH=/home/ubuntu-gigi/ses4r_ws/install/turtlebot3_fake_node:${AMENT_PREFIX_PATH} CMAKE_PREFIX_PATH=/home/ubuntu-gigi/ses4r_ws/install/turtlebot3_fake_node:/home/ubuntu-gigi/ses4r_ws/install/lab01_pkg:/opt/ros/humble /usr/bin/cmake /home/ubuntu-gigi/ses4r_ws/src/turtlebot3_simulations/turtlebot3_simulations -DAMENT_CMAKE_SYMLINK_INSTALL=1 -DCMAKE_INSTALL_PREFIX=/home/ubuntu-gigi/ses4r_ws/install/turtlebot3_simulations
[0.062s] -- The C compiler identification is GNU 11.4.0
[0.121s] -- The CXX compiler identification is GNU 11.4.0
[0.128s] -- Detecting C compiler ABI info
[0.199s] -- Detecting C compiler ABI info - done
[0.210s] -- Check for working C compiler: /usr/bin/cc - skipped
[0.211s] -- Detecting C compile features
[0.211s] -- Detecting C compile features - done
[0.216s] -- Detecting CXX compiler ABI info
[0.303s] -- Detecting CXX compiler ABI info - done
[0.311s] -- Check for working CXX compiler: /usr/bin/c++ - skipped
[0.311s] -- Detecting CXX compile features
[0.312s] -- Detecting CXX compile features - done
[0.315s] -- Found ament_cmake: 1.3.12 (/opt/ros/humble/share/ament_cmake/cmake)
[0.457s] -- Found Python3: /usr/bin/python3 (found version "3.10.12") found components: Interpreter 
[0.538s] -- Override CMake install command with custom implementation using symlinks instead of copying resources
[0.650s] -- Configuring done
[0.654s] -- Generating done
[0.656s] -- Build files have been written to: /home/ubuntu-gigi/ses4r_ws/build/turtlebot3_simulations
[0.662s] Invoked command in '/home/ubuntu-gigi/ses4r_ws/build/turtlebot3_simulations' returned '0': AMENT_PREFIX_PATH=/home/ubuntu-gigi/ses4r_ws/install/turtlebot3_fake_node:${AMENT_PREFIX_PATH} CMAKE_PREFIX_PATH=/home/ubuntu-gigi/ses4r_ws/install/turtlebot3_fake_node:/home/ubuntu-gigi/ses4r_ws/install/lab01_pkg:/opt/ros/humble /usr/bin/cmake /home/ubuntu-gigi/ses4r_ws/src/turtlebot3_simulations/turtlebot3_simulations -DAMENT_CMAKE_SYMLINK_INSTALL=1 -DCMAKE_INSTALL_PREFIX=/home/ubuntu-gigi/ses4r_ws/install/turtlebot3_simulations
[0.664s] Invoking command in '/home/ubuntu-gigi/ses4r_ws/build/turtlebot3_simulations': AMENT_PREFIX_PATH=/home/ubuntu-gigi/ses4r_ws/install/turtlebot3_fake_node:${AMENT_PREFIX_PATH} CMAKE_PREFIX_PATH=/home/ubuntu-gigi/ses4r_ws/install/turtlebot3_fake_node:/home/ubuntu-gigi/ses4r_ws/install/lab01_pkg:/opt/ros/humble /usr/bin/cmake --build /home/ubuntu-gigi/ses4r_ws/build/turtlebot3_simulations -- -j8 -l8
[0.705s] Invoked command in '/home/ubuntu-gigi/ses4r_ws/build/turtlebot3_simulations' returned '0': AMENT_PREFIX_PATH=/home/ubuntu-gigi/ses4r_ws/install/turtlebot3_fake_node:${AMENT_PREFIX_PATH} CMAKE_PREFIX_PATH=/home/ubuntu-gigi/ses4r_ws/install/turtlebot3_fake_node:/home/ubuntu-gigi/ses4r_ws/install/lab01_pkg:/opt/ros/humble /usr/bin/cmake --build /home/ubuntu-gigi/ses4r_ws/build/turtlebot3_simulations -- -j8 -l8
[0.707s] Invoking command in '/home/ubuntu-gigi/ses4r_ws/build/turtlebot3_simulations': AMENT_PREFIX_PATH=/home/ubuntu-gigi/ses4r_ws/install/turtlebot3_fake_node:${AMENT_PREFIX_PATH} CMAKE_PREFIX_PATH=/home/ubuntu-gigi/ses4r_ws/install/turtlebot3_fake_node:/home/ubuntu-gigi/ses4r_ws/install/lab01_pkg:/opt/ros/humble /usr/bin/cmake --install /home/ubuntu-gigi/ses4r_ws/build/turtlebot3_simulations
[0.719s] -- Install configuration: ""
[0.720s] -- Execute custom install script
[0.720s] -- Symlinking: /home/ubuntu-gigi/ses4r_ws/install/turtlebot3_simulations/share/ament_index/resource_index/package_run_dependencies/turtlebot3_simulations
[0.734s] -- Symlinking: /home/ubuntu-gigi/ses4r_ws/install/turtlebot3_simulations/share/ament_index/resource_index/parent_prefix_path/turtlebot3_simulations
[0.749s] -- Symlinking: /home/ubuntu-gigi/ses4r_ws/install/turtlebot3_simulations/share/turtlebot3_simulations/environment/ament_prefix_path.sh
[0.762s] -- Symlinking: /home/ubuntu-gigi/ses4r_ws/install/turtlebot3_simulations/share/turtlebot3_simulations/environment/ament_prefix_path.dsv
[0.776s] -- Symlinking: /home/ubuntu-gigi/ses4r_ws/install/turtlebot3_simulations/share/turtlebot3_simulations/environment/path.sh
[0.800s] -- Symlinking: /home/ubuntu-gigi/ses4r_ws/install/turtlebot3_simulations/share/turtlebot3_simulations/environment/path.dsv
[0.825s] -- Symlinking: /home/ubuntu-gigi/ses4r_ws/install/turtlebot3_simulations/share/turtlebot3_simulations/local_setup.bash
[0.837s] -- Symlinking: /home/ubuntu-gigi/ses4r_ws/install/turtlebot3_simulations/share/turtlebot3_simulations/local_setup.sh
[0.851s] -- Symlinking: /home/ubuntu-gigi/ses4r_ws/install/turtlebot3_simulations/share/turtlebot3_simulations/local_setup.zsh
[0.867s] -- Symlinking: /home/ubuntu-gigi/ses4r_ws/install/turtlebot3_simulations/share/turtlebot3_simulations/local_setup.dsv
[0.876s] -- Symlinking: /home/ubuntu-gigi/ses4r_ws/install/turtlebot3_simulations/share/turtlebot3_simulations/package.dsv
[0.889s] -- Symlinking: /home/ubuntu-gigi/ses4r_ws/install/turtlebot3_simulations/share/ament_index/resource_index/packages/turtlebot3_simulations
[0.898s] -- Symlinking: /home/ubuntu-gigi/ses4r_ws/install/turtlebot3_simulations/share/turtlebot3_simulations/cmake/turtlebot3_simulationsConfig.cmake
[0.907s] -- Symlinking: /home/ubuntu-gigi/ses4r_ws/install/turtlebot3_simulations/share/turtlebot3_simulations/cmake/turtlebot3_simulationsConfig-version.cmake
[0.916s] -- Symlinking: /home/ubuntu-gigi/ses4r_ws/install/turtlebot3_simulations/share/turtlebot3_simulations/package.xml
[0.927s] Invoked command in '/home/ubuntu-gigi/ses4r_ws/build/turtlebot3_simulations' returned '0': AMENT_PREFIX_PATH=/home/ubuntu-gigi/ses4r_ws/install/turtlebot3_fake_node:${AMENT_PREFIX_PATH} CMAKE_PREFIX_PATH=/home/ubuntu-gigi/ses4r_ws/install/turtlebot3_fake_node:/home/ubuntu-gigi/ses4r_ws/install/lab01_pkg:/opt/ros/humble /usr/bin/cmake --install /home/ubuntu-gigi/ses4r_ws/build/turtlebot3_simulations
