running egg_info
writing ../../build/lab01_pkg/lab01_pkg.egg-info/PKG-INFO
writing dependency_links to ../../build/lab01_pkg/lab01_pkg.egg-info/dependency_links.txt
writing entry points to ../../build/lab01_pkg/lab01_pkg.egg-info/entry_points.txt
writing requirements to ../../build/lab01_pkg/lab01_pkg.egg-info/requires.txt
writing top-level names to ../../build/lab01_pkg/lab01_pkg.egg-info/top_level.txt
reading manifest file '../../build/lab01_pkg/lab01_pkg.egg-info/SOURCES.txt'
adding license file 'LICENSE'
writing manifest file '../../build/lab01_pkg/lab01_pkg.egg-info/SOURCES.txt'
running build
running build_py
copying lab01_pkg/localization.py -> /home/ubuntu-gigi/ses4r_ws/build/lab01_pkg/build/lib/lab01_pkg
copying lab01_pkg/controller_reset.py -> /home/ubuntu-gigi/ses4r_ws/build/lab01_pkg/build/lib/lab01_pkg
copying lab01_pkg/controller.py -> /home/ubuntu-gigi/ses4r_ws/build/lab01_pkg/build/lib/lab01_pkg
copying lab01_pkg/reset_node.py -> /home/ubuntu-gigi/ses4r_ws/build/lab01_pkg/build/lib/lab01_pkg
copying lab01_pkg/localization_reset.py -> /home/ubuntu-gigi/ses4r_ws/build/lab01_pkg/build/lib/lab01_pkg
running install
running install_lib
copying /home/ubuntu-gigi/ses4r_ws/build/lab01_pkg/build/lib/lab01_pkg/localization.py -> /home/ubuntu-gigi/ses4r_ws/install/lab01_pkg/lib/python3.10/site-packages/lab01_pkg
copying /home/ubuntu-gigi/ses4r_ws/build/lab01_pkg/build/lib/lab01_pkg/controller_reset.py -> /home/ubuntu-gigi/ses4r_ws/install/lab01_pkg/lib/python3.10/site-packages/lab01_pkg
copying /home/ubuntu-gigi/ses4r_ws/build/lab01_pkg/build/lib/lab01_pkg/controller.py -> /home/ubuntu-gigi/ses4r_ws/install/lab01_pkg/lib/python3.10/site-packages/lab01_pkg
copying /home/ubuntu-gigi/ses4r_ws/build/lab01_pkg/build/lib/lab01_pkg/reset_node.py -> /home/ubuntu-gigi/ses4r_ws/install/lab01_pkg/lib/python3.10/site-packages/lab01_pkg
copying /home/ubuntu-gigi/ses4r_ws/build/lab01_pkg/build/lib/lab01_pkg/localization_reset.py -> /home/ubuntu-gigi/ses4r_ws/install/lab01_pkg/lib/python3.10/site-packages/lab01_pkg
byte-compiling /home/ubuntu-gigi/ses4r_ws/install/lab01_pkg/lib/python3.10/site-packages/lab01_pkg/localization.py to localization.cpython-310.pyc
byte-compiling /home/ubuntu-gigi/ses4r_ws/install/lab01_pkg/lib/python3.10/site-packages/lab01_pkg/controller_reset.py to controller_reset.cpython-310.pyc
byte-compiling /home/ubuntu-gigi/ses4r_ws/install/lab01_pkg/lib/python3.10/site-packages/lab01_pkg/controller.py to controller.cpython-310.pyc
byte-compiling /home/ubuntu-gigi/ses4r_ws/install/lab01_pkg/lib/python3.10/site-packages/lab01_pkg/reset_node.py to reset_node.cpython-310.pyc
byte-compiling /home/ubuntu-gigi/ses4r_ws/install/lab01_pkg/lib/python3.10/site-packages/lab01_pkg/localization_reset.py to localization_reset.cpython-310.pyc
running install_data
running install_egg_info
removing '/home/ubuntu-gigi/ses4r_ws/install/lab01_pkg/lib/python3.10/site-packages/lab01_pkg-0.0.0-py3.10.egg-info' (and everything under it)
Copying ../../build/lab01_pkg/lab01_pkg.egg-info to /home/ubuntu-gigi/ses4r_ws/install/lab01_pkg/lib/python3.10/site-packages/lab01_pkg-0.0.0-py3.10.egg-info
running install_scripts
Installing controller script to /home/ubuntu-gigi/ses4r_ws/install/lab01_pkg/lib/lab01_pkg
Installing controller_reset script to /home/ubuntu-gigi/ses4r_ws/install/lab01_pkg/lib/lab01_pkg
Installing localization script to /home/ubuntu-gigi/ses4r_ws/install/lab01_pkg/lib/lab01_pkg
Installing localization_reset script to /home/ubuntu-gigi/ses4r_ws/install/lab01_pkg/lib/lab01_pkg
Installing reset_node script to /home/ubuntu-gigi/ses4r_ws/install/lab01_pkg/lib/lab01_pkg
writing list of installed files to '/home/ubuntu-gigi/ses4r_ws/build/lab01_pkg/install.log'
