[0.541s] Invoking command in '/home/ubuntu-gigi/ses4r_ws/src/lab01_pkg': PYTHONPATH=/home/ubuntu-gigi/ses4r_ws/build/lab01_pkg/prefix_override:/usr/lib/python3/dist-packages/colcon_core/task/python/colcon_distutils_commands:/home/ubuntu-gigi/ses4r_ws/install/lab01_pkg/lib/python3.10/site-packages:${PYTHONPATH} /usr/bin/python3 -W ignore:setup.py install is deprecated -W ignore:easy_install command is deprecated setup.py egg_info --egg-base ../../build/lab01_pkg build --build-base /home/ubuntu-gigi/ses4r_ws/build/lab01_pkg/build install --record /home/ubuntu-gigi/ses4r_ws/build/lab01_pkg/install.log --single-version-externally-managed install_data
[0.751s] running egg_info
[0.752s] writing ../../build/lab01_pkg/lab01_pkg.egg-info/PKG-INFO
[0.752s] writing dependency_links to ../../build/lab01_pkg/lab01_pkg.egg-info/dependency_links.txt
[0.752s] writing entry points to ../../build/lab01_pkg/lab01_pkg.egg-info/entry_points.txt
[0.752s] writing requirements to ../../build/lab01_pkg/lab01_pkg.egg-info/requires.txt
[0.752s] writing top-level names to ../../build/lab01_pkg/lab01_pkg.egg-info/top_level.txt
[0.754s] reading manifest file '../../build/lab01_pkg/lab01_pkg.egg-info/SOURCES.txt'
[0.754s] adding license file 'LICENSE'
[0.754s] writing manifest file '../../build/lab01_pkg/lab01_pkg.egg-info/SOURCES.txt'
[0.755s] running build
[0.755s] running build_py
[0.755s] copying lab01_pkg/reset_node.py -> /home/ubuntu-gigi/ses4r_ws/build/lab01_pkg/build/lib/lab01_pkg
[0.755s] running install
[0.755s] running install_lib
[0.756s] copying /home/ubuntu-gigi/ses4r_ws/build/lab01_pkg/build/lib/lab01_pkg/reset_node.py -> /home/ubuntu-gigi/ses4r_ws/install/lab01_pkg/lib/python3.10/site-packages/lab01_pkg
[0.756s] byte-compiling /home/ubuntu-gigi/ses4r_ws/install/lab01_pkg/lib/python3.10/site-packages/lab01_pkg/reset_node.py to reset_node.cpython-310.pyc
[0.757s] running install_data
[0.757s] running install_egg_info
[0.759s] removing '/home/ubuntu-gigi/ses4r_ws/install/lab01_pkg/lib/python3.10/site-packages/lab01_pkg-0.0.0-py3.10.egg-info' (and everything under it)
[0.759s] Copying ../../build/lab01_pkg/lab01_pkg.egg-info to /home/ubuntu-gigi/ses4r_ws/install/lab01_pkg/lib/python3.10/site-packages/lab01_pkg-0.0.0-py3.10.egg-info
[0.760s] running install_scripts
[0.777s] Installing controller script to /home/ubuntu-gigi/ses4r_ws/install/lab01_pkg/lib/lab01_pkg
[0.778s] Installing localization script to /home/ubuntu-gigi/ses4r_ws/install/lab01_pkg/lib/lab01_pkg
[0.778s] Installing reset_node script to /home/ubuntu-gigi/ses4r_ws/install/lab01_pkg/lib/lab01_pkg
[0.778s] writing list of installed files to '/home/ubuntu-gigi/ses4r_ws/build/lab01_pkg/install.log'
[0.799s] Invoked command in '/home/ubuntu-gigi/ses4r_ws/src/lab01_pkg' returned '0': PYTHONPATH=/home/ubuntu-gigi/ses4r_ws/build/lab01_pkg/prefix_override:/usr/lib/python3/dist-packages/colcon_core/task/python/colcon_distutils_commands:/home/ubuntu-gigi/ses4r_ws/install/lab01_pkg/lib/python3.10/site-packages:${PYTHONPATH} /usr/bin/python3 -W ignore:setup.py install is deprecated -W ignore:easy_install command is deprecated setup.py egg_info --egg-base ../../build/lab01_pkg build --build-base /home/ubuntu-gigi/ses4r_ws/build/lab01_pkg/build install --record /home/ubuntu-gigi/ses4r_ws/build/lab01_pkg/install.log --single-version-externally-managed install_data
