[0.473s] Invoking command in '/home/ubuntu/ses4r_ws/src/lab01_pkg': PYTHONPATH=/home/ubuntu/ses4r_ws/build/lab01_pkg/prefix_override:/usr/lib/python3/dist-packages/colcon_core/task/python/colcon_distutils_commands:/home/ubuntu/ses4r_ws/install/lab01_pkg/lib/python3.10/site-packages:${PYTHONPATH} /usr/bin/python3 -W ignore:setup.py install is deprecated -W ignore:easy_install command is deprecated setup.py egg_info --egg-base ../../build/lab01_pkg build --build-base /home/ubuntu/ses4r_ws/build/lab01_pkg/build install --record /home/ubuntu/ses4r_ws/build/lab01_pkg/install.log --single-version-externally-managed install_data
[0.613s] running egg_info
[0.614s] writing ../../build/lab01_pkg/lab01_pkg.egg-info/PKG-INFO
[0.614s] writing dependency_links to ../../build/lab01_pkg/lab01_pkg.egg-info/dependency_links.txt
[0.614s] writing entry points to ../../build/lab01_pkg/lab01_pkg.egg-info/entry_points.txt
[0.615s] writing requirements to ../../build/lab01_pkg/lab01_pkg.egg-info/requires.txt
[0.615s] writing top-level names to ../../build/lab01_pkg/lab01_pkg.egg-info/top_level.txt
[0.616s] reading manifest file '../../build/lab01_pkg/lab01_pkg.egg-info/SOURCES.txt'
[0.616s] adding license file 'LICENSE'
[0.616s] writing manifest file '../../build/lab01_pkg/lab01_pkg.egg-info/SOURCES.txt'
[0.617s] running build
[0.617s] running build_py
[0.617s] running install
[0.617s] running install_lib
[0.618s] running install_data
[0.618s] running install_egg_info
[0.618s] removing '/home/ubuntu/ses4r_ws/install/lab01_pkg/lib/python3.10/site-packages/lab01_pkg-0.0.0-py3.10.egg-info' (and everything under it)
[0.619s] Copying ../../build/lab01_pkg/lab01_pkg.egg-info to /home/ubuntu/ses4r_ws/install/lab01_pkg/lib/python3.10/site-packages/lab01_pkg-0.0.0-py3.10.egg-info
[0.619s] running install_scripts
[0.630s] Installing controller script to /home/ubuntu/ses4r_ws/install/lab01_pkg/lib/lab01_pkg
[0.630s] Installing localization script to /home/ubuntu/ses4r_ws/install/lab01_pkg/lib/lab01_pkg
[0.630s] writing list of installed files to '/home/ubuntu/ses4r_ws/build/lab01_pkg/install.log'
[0.644s] Invoked command in '/home/ubuntu/ses4r_ws/src/lab01_pkg' returned '0': PYTHONPATH=/home/ubuntu/ses4r_ws/build/lab01_pkg/prefix_override:/usr/lib/python3/dist-packages/colcon_core/task/python/colcon_distutils_commands:/home/ubuntu/ses4r_ws/install/lab01_pkg/lib/python3.10/site-packages:${PYTHONPATH} /usr/bin/python3 -W ignore:setup.py install is deprecated -W ignore:easy_install command is deprecated setup.py egg_info --egg-base ../../build/lab01_pkg build --build-base /home/ubuntu/ses4r_ws/build/lab01_pkg/build install --record /home/ubuntu/ses4r_ws/build/lab01_pkg/install.log --single-version-externally-managed install_data
