running egg_info
creating build/lab01_pkg/lab01_pkg.egg-info
writing build/lab01_pkg/lab01_pkg.egg-info/PKG-INFO
writing dependency_links to build/lab01_pkg/lab01_pkg.egg-info/dependency_links.txt
writing entry points to build/lab01_pkg/lab01_pkg.egg-info/entry_points.txt
writing requirements to build/lab01_pkg/lab01_pkg.egg-info/requires.txt
writing top-level names to build/lab01_pkg/lab01_pkg.egg-info/top_level.txt
writing manifest file 'build/lab01_pkg/lab01_pkg.egg-info/SOURCES.txt'
reading manifest file 'build/lab01_pkg/lab01_pkg.egg-info/SOURCES.txt'
adding license file 'LICENSE'
writing manifest file 'build/lab01_pkg/lab01_pkg.egg-info/SOURCES.txt'
running build
running build_py
creating /home/ubuntu/ses4r_ws/src/lab01_pkg/build/lab01_pkg/build
creating /home/ubuntu/ses4r_ws/src/lab01_pkg/build/lab01_pkg/build/lib
creating /home/ubuntu/ses4r_ws/src/lab01_pkg/build/lab01_pkg/build/lib/lab01_pkg
copying lab01_pkg/controller.py -> /home/ubuntu/ses4r_ws/src/lab01_pkg/build/lab01_pkg/build/lib/lab01_pkg
copying lab01_pkg/__init__.py -> /home/ubuntu/ses4r_ws/src/lab01_pkg/build/lab01_pkg/build/lib/lab01_pkg
running install
running install_lib
creating /home/ubuntu/ses4r_ws/src/lab01_pkg/install/lab01_pkg/lib/python3.10/site-packages/lab01_pkg
copying /home/ubuntu/ses4r_ws/src/lab01_pkg/build/lab01_pkg/build/lib/lab01_pkg/controller.py -> /home/ubuntu/ses4r_ws/src/lab01_pkg/install/lab01_pkg/lib/python3.10/site-packages/lab01_pkg
copying /home/ubuntu/ses4r_ws/src/lab01_pkg/build/lab01_pkg/build/lib/lab01_pkg/__init__.py -> /home/ubuntu/ses4r_ws/src/lab01_pkg/install/lab01_pkg/lib/python3.10/site-packages/lab01_pkg
byte-compiling /home/ubuntu/ses4r_ws/src/lab01_pkg/install/lab01_pkg/lib/python3.10/site-packages/lab01_pkg/controller.py to controller.cpython-310.pyc
byte-compiling /home/ubuntu/ses4r_ws/src/lab01_pkg/install/lab01_pkg/lib/python3.10/site-packages/lab01_pkg/__init__.py to __init__.cpython-310.pyc
running install_data
creating /home/ubuntu/ses4r_ws/src/lab01_pkg/install/lab01_pkg/share/ament_index
creating /home/ubuntu/ses4r_ws/src/lab01_pkg/install/lab01_pkg/share/ament_index/resource_index
creating /home/ubuntu/ses4r_ws/src/lab01_pkg/install/lab01_pkg/share/ament_index/resource_index/packages
copying resource/lab01_pkg -> /home/ubuntu/ses4r_ws/src/lab01_pkg/install/lab01_pkg/share/ament_index/resource_index/packages
copying package.xml -> /home/ubuntu/ses4r_ws/src/lab01_pkg/install/lab01_pkg/share/lab01_pkg
running install_egg_info
Copying build/lab01_pkg/lab01_pkg.egg-info to /home/ubuntu/ses4r_ws/src/lab01_pkg/install/lab01_pkg/lib/python3.10/site-packages/lab01_pkg-0.0.0-py3.10.egg-info
running install_scripts
writing list of installed files to '/home/ubuntu/ses4r_ws/src/lab01_pkg/build/lab01_pkg/install.log'
