[0.620s] Invoking command in '/home/ubuntu/ses4r_ws/src/lab01_pkg': PYTHONPATH=/home/ubuntu/ses4r_ws/src/lab01_pkg/build/lab01_pkg/prefix_override:/usr/lib/python3/dist-packages/colcon_core/task/python/colcon_distutils_commands:/home/ubuntu/ses4r_ws/src/lab01_pkg/install/lab01_pkg/lib/python3.10/site-packages:${PYTHONPATH} /usr/bin/python3 -W ignore:setup.py install is deprecated -W ignore:easy_install command is deprecated setup.py egg_info --egg-base build/lab01_pkg build --build-base /home/ubuntu/ses4r_ws/src/lab01_pkg/build/lab01_pkg/build install --record /home/ubuntu/ses4r_ws/src/lab01_pkg/build/lab01_pkg/install.log --single-version-externally-managed install_data
[0.756s] running egg_info
[0.756s] creating build/lab01_pkg/lab01_pkg.egg-info
[0.756s] writing build/lab01_pkg/lab01_pkg.egg-info/PKG-INFO
[0.756s] writing dependency_links to build/lab01_pkg/lab01_pkg.egg-info/dependency_links.txt
[0.756s] writing entry points to build/lab01_pkg/lab01_pkg.egg-info/entry_points.txt
[0.757s] writing requirements to build/lab01_pkg/lab01_pkg.egg-info/requires.txt
[0.757s] writing top-level names to build/lab01_pkg/lab01_pkg.egg-info/top_level.txt
[0.757s] writing manifest file 'build/lab01_pkg/lab01_pkg.egg-info/SOURCES.txt'
[0.757s] reading manifest file 'build/lab01_pkg/lab01_pkg.egg-info/SOURCES.txt'
[0.758s] adding license file 'LICENSE'
[0.758s] writing manifest file 'build/lab01_pkg/lab01_pkg.egg-info/SOURCES.txt'
[0.758s] running build
[0.758s] running build_py
[0.758s] creating /home/ubuntu/ses4r_ws/src/lab01_pkg/build/lab01_pkg/build
[0.758s] creating /home/ubuntu/ses4r_ws/src/lab01_pkg/build/lab01_pkg/build/lib
[0.758s] creating /home/ubuntu/ses4r_ws/src/lab01_pkg/build/lab01_pkg/build/lib/lab01_pkg
[0.758s] copying lab01_pkg/controller.py -> /home/ubuntu/ses4r_ws/src/lab01_pkg/build/lab01_pkg/build/lib/lab01_pkg
[0.758s] copying lab01_pkg/__init__.py -> /home/ubuntu/ses4r_ws/src/lab01_pkg/build/lab01_pkg/build/lib/lab01_pkg
[0.759s] running install
[0.759s] running install_lib
[0.759s] creating /home/ubuntu/ses4r_ws/src/lab01_pkg/install/lab01_pkg/lib/python3.10/site-packages/lab01_pkg
[0.759s] copying /home/ubuntu/ses4r_ws/src/lab01_pkg/build/lab01_pkg/build/lib/lab01_pkg/controller.py -> /home/ubuntu/ses4r_ws/src/lab01_pkg/install/lab01_pkg/lib/python3.10/site-packages/lab01_pkg
[0.759s] copying /home/ubuntu/ses4r_ws/src/lab01_pkg/build/lab01_pkg/build/lib/lab01_pkg/__init__.py -> /home/ubuntu/ses4r_ws/src/lab01_pkg/install/lab01_pkg/lib/python3.10/site-packages/lab01_pkg
[0.759s] byte-compiling /home/ubuntu/ses4r_ws/src/lab01_pkg/install/lab01_pkg/lib/python3.10/site-packages/lab01_pkg/controller.py to controller.cpython-310.pyc
[0.760s] byte-compiling /home/ubuntu/ses4r_ws/src/lab01_pkg/install/lab01_pkg/lib/python3.10/site-packages/lab01_pkg/__init__.py to __init__.cpython-310.pyc
[0.760s] running install_data
[0.760s] creating /home/ubuntu/ses4r_ws/src/lab01_pkg/install/lab01_pkg/share/ament_index
[0.760s] creating /home/ubuntu/ses4r_ws/src/lab01_pkg/install/lab01_pkg/share/ament_index/resource_index
[0.760s] creating /home/ubuntu/ses4r_ws/src/lab01_pkg/install/lab01_pkg/share/ament_index/resource_index/packages
[0.760s] copying resource/lab01_pkg -> /home/ubuntu/ses4r_ws/src/lab01_pkg/install/lab01_pkg/share/ament_index/resource_index/packages
[0.760s] copying package.xml -> /home/ubuntu/ses4r_ws/src/lab01_pkg/install/lab01_pkg/share/lab01_pkg
[0.760s] running install_egg_info
[0.761s] Copying build/lab01_pkg/lab01_pkg.egg-info to /home/ubuntu/ses4r_ws/src/lab01_pkg/install/lab01_pkg/lib/python3.10/site-packages/lab01_pkg-0.0.0-py3.10.egg-info
[0.762s] running install_scripts
[0.773s] writing list of installed files to '/home/ubuntu/ses4r_ws/src/lab01_pkg/build/lab01_pkg/install.log'
[0.786s] Invoked command in '/home/ubuntu/ses4r_ws/src/lab01_pkg' returned '0': PYTHONPATH=/home/ubuntu/ses4r_ws/src/lab01_pkg/build/lab01_pkg/prefix_override:/usr/lib/python3/dist-packages/colcon_core/task/python/colcon_distutils_commands:/home/ubuntu/ses4r_ws/src/lab01_pkg/install/lab01_pkg/lib/python3.10/site-packages:${PYTHONPATH} /usr/bin/python3 -W ignore:setup.py install is deprecated -W ignore:easy_install command is deprecated setup.py egg_info --egg-base build/lab01_pkg build --build-base /home/ubuntu/ses4r_ws/src/lab01_pkg/build/lab01_pkg/build install --record /home/ubuntu/ses4r_ws/src/lab01_pkg/build/lab01_pkg/install.log --single-version-externally-managed install_data
