[0.626s] Invoking command in '/home/ubuntu/ses4r_ws/src/lab01_pkg': PYTHONPATH=/home/ubuntu/ses4r_ws/build/lab01_pkg/prefix_override:/usr/lib/python3/dist-packages/colcon_core/task/python/colcon_distutils_commands:/home/ubuntu/ses4r_ws/install/lab01_pkg/lib/python3.10/site-packages:${PYTHONPATH} /usr/bin/python3 -W ignore:setup.py install is deprecated -W ignore:easy_install command is deprecated setup.py egg_info --egg-base ../../build/lab01_pkg build --build-base /home/ubuntu/ses4r_ws/build/lab01_pkg/build install --record /home/ubuntu/ses4r_ws/build/lab01_pkg/install.log --single-version-externally-managed install_data
[0.773s] running egg_info
[0.775s] writing ../../build/lab01_pkg/lab01_pkg.egg-info/PKG-INFO
[0.775s] writing dependency_links to ../../build/lab01_pkg/lab01_pkg.egg-info/dependency_links.txt
[0.775s] writing entry points to ../../build/lab01_pkg/lab01_pkg.egg-info/entry_points.txt
[0.776s] writing requirements to ../../build/lab01_pkg/lab01_pkg.egg-info/requires.txt
[0.776s] writing top-level names to ../../build/lab01_pkg/lab01_pkg.egg-info/top_level.txt
[0.777s] reading manifest file '../../build/lab01_pkg/lab01_pkg.egg-info/SOURCES.txt'
[0.778s] adding license file 'LICENSE'
[0.778s] writing manifest file '../../build/lab01_pkg/lab01_pkg.egg-info/SOURCES.txt'
[0.778s] running build
[0.778s] running build_py
[0.778s] copying lab01_pkg/localization.py -> /home/ubuntu/ses4r_ws/build/lab01_pkg/build/lib/lab01_pkg
[0.779s] running install
[0.779s] running install_lib
[0.780s] copying /home/ubuntu/ses4r_ws/build/lab01_pkg/build/lib/lab01_pkg/localization.py -> /home/ubuntu/ses4r_ws/install/lab01_pkg/lib/python3.10/site-packages/lab01_pkg
[0.780s] byte-compiling /home/ubuntu/ses4r_ws/install/lab01_pkg/lib/python3.10/site-packages/lab01_pkg/localization.py to localization.cpython-310.pyc
[0.782s] running install_data
[0.782s] running install_egg_info
[0.783s] removing '/home/ubuntu/ses4r_ws/install/lab01_pkg/lib/python3.10/site-packages/lab01_pkg-0.0.0-py3.10.egg-info' (and everything under it)
[0.783s] Copying ../../build/lab01_pkg/lab01_pkg.egg-info to /home/ubuntu/ses4r_ws/install/lab01_pkg/lib/python3.10/site-packages/lab01_pkg-0.0.0-py3.10.egg-info
[0.784s] running install_scripts
[0.799s] Installing controller script to /home/ubuntu/ses4r_ws/install/lab01_pkg/lib/lab01_pkg
[0.800s] Installing localization script to /home/ubuntu/ses4r_ws/install/lab01_pkg/lib/lab01_pkg
[0.800s] writing list of installed files to '/home/ubuntu/ses4r_ws/build/lab01_pkg/install.log'
[0.814s] Invoked command in '/home/ubuntu/ses4r_ws/src/lab01_pkg' returned '0': PYTHONPATH=/home/ubuntu/ses4r_ws/build/lab01_pkg/prefix_override:/usr/lib/python3/dist-packages/colcon_core/task/python/colcon_distutils_commands:/home/ubuntu/ses4r_ws/install/lab01_pkg/lib/python3.10/site-packages:${PYTHONPATH} /usr/bin/python3 -W ignore:setup.py install is deprecated -W ignore:easy_install command is deprecated setup.py egg_info --egg-base ../../build/lab01_pkg build --build-base /home/ubuntu/ses4r_ws/build/lab01_pkg/build install --record /home/ubuntu/ses4r_ws/build/lab01_pkg/install.log --single-version-externally-managed install_data
